

Started GET "/" for 127.0.0.1 at 2014-07-14 14:56:22 -0400
Processing by Rails::WelcomeController#index as HTML
  Rendered /Library/Ruby/Gems/2.0.0/gems/railties-4.1.4/lib/rails/templates/rails/welcome/index.html.erb (1.4ms)
Completed 200 OK in 45ms (Views: 16.1ms | ActiveRecord: 0.0ms)


Started GET "/" for 127.0.0.1 at 2014-07-14 14:56:28 -0400
Processing by Rails::WelcomeController#index as HTML
  Rendered /Library/Ruby/Gems/2.0.0/gems/railties-4.1.4/lib/rails/templates/rails/welcome/index.html.erb (0.1ms)
Completed 200 OK in 2ms (Views: 1.4ms | ActiveRecord: 0.0ms)


Started GET "/" for 127.0.0.1 at 2014-07-14 14:57:23 -0400

ArgumentError (Missing :action key on routes definition, please check your routes.):
  config/routes.rb:4:in `block in <top (required)>'
  config/routes.rb:1:in `<top (required)>'


  Rendered /Library/Ruby/Gems/2.0.0/gems/actionpack-4.1.4/lib/action_dispatch/middleware/templates/rescues/_source.erb (0.6ms)
  Rendered /Library/Ruby/Gems/2.0.0/gems/actionpack-4.1.4/lib/action_dispatch/middleware/templates/rescues/_trace.html.erb (0.9ms)
  Rendered /Library/Ruby/Gems/2.0.0/gems/actionpack-4.1.4/lib/action_dispatch/middleware/templates/rescues/_request_and_response.html.erb (0.9ms)
  Rendered /Library/Ruby/Gems/2.0.0/gems/actionpack-4.1.4/lib/action_dispatch/middleware/templates/rescues/diagnostics.erb within rescues/layout (19.4ms)


Started GET "/" for 127.0.0.1 at 2014-07-14 14:57:49 -0400
Processing by Rails::WelcomeController#index as HTML
  Rendered /Library/Ruby/Gems/2.0.0/gems/railties-4.1.4/lib/rails/templates/rails/welcome/index.html.erb (0.1ms)
Completed 200 OK in 2ms (Views: 1.4ms | ActiveRecord: 0.0ms)


Started GET "/" for 127.0.0.1 at 2014-07-14 14:58:19 -0400
Processing by WelcomeController#index as HTML
  Rendered welcome/index.html.erb within layouts/application (0.3ms)
Completed 200 OK in 1025ms (Views: 1024.4ms | ActiveRecord: 0.0ms)


Started GET "/assets/welcome.css?body=1" for 127.0.0.1 at 2014-07-14 14:58:20 -0400


Started GET "/assets/jquery.js?body=1" for 127.0.0.1 at 2014-07-14 14:58:20 -0400


Started GET "/assets/application.css?body=1" for 127.0.0.1 at 2014-07-14 14:58:20 -0400


Started GET "/assets/jquery_ujs.js?body=1" for 127.0.0.1 at 2014-07-14 14:58:20 -0400


Started GET "/assets/turbolinks.js?body=1" for 127.0.0.1 at 2014-07-14 14:58:20 -0400


Started GET "/assets/application.js?body=1" for 127.0.0.1 at 2014-07-14 14:58:20 -0400


Started GET "/assets/welcome.js?body=1" for 127.0.0.1 at 2014-07-14 14:58:20 -0400


Started GET "/articles/new" for 127.0.0.1 at 2014-07-14 15:02:16 -0400

ActionController::RoutingError (uninitialized constant ArticlesController):
  activesupport (4.1.4) lib/active_support/inflector/methods.rb:238:in `const_get'
  activesupport (4.1.4) lib/active_support/inflector/methods.rb:238:in `block in constantize'
  activesupport (4.1.4) lib/active_support/inflector/methods.rb:236:in `each'
  activesupport (4.1.4) lib/active_support/inflector/methods.rb:236:in `inject'
  activesupport (4.1.4) lib/active_support/inflector/methods.rb:236:in `constantize'
  actionpack (4.1.4) lib/action_dispatch/routing/route_set.rb:78:in `controller_reference'
  actionpack (4.1.4) lib/action_dispatch/routing/route_set.rb:68:in `controller'
  actionpack (4.1.4) lib/action_dispatch/routing/route_set.rb:46:in `call'
  actionpack (4.1.4) lib/action_dispatch/journey/router.rb:71:in `block in call'
  actionpack (4.1.4) lib/action_dispatch/journey/router.rb:59:in `each'
  actionpack (4.1.4) lib/action_dispatch/journey/router.rb:59:in `call'
  actionpack (4.1.4) lib/action_dispatch/routing/route_set.rb:678:in `call'
  rack (1.5.2) lib/rack/etag.rb:23:in `call'
  rack (1.5.2) lib/rack/conditionalget.rb:25:in `call'
  rack (1.5.2) lib/rack/head.rb:11:in `call'
  actionpack (4.1.4) lib/action_dispatch/middleware/params_parser.rb:27:in `call'
  actionpack (4.1.4) lib/action_dispatch/middleware/flash.rb:254:in `call'
  rack (1.5.2) lib/rack/session/abstract/id.rb:225:in `context'
  rack (1.5.2) lib/rack/session/abstract/id.rb:220:in `call'
  actionpack (4.1.4) lib/action_dispatch/middleware/cookies.rb:560:in `call'
  activerecord (4.1.4) lib/active_record/query_cache.rb:36:in `call'
  activerecord (4.1.4) lib/active_record/connection_adapters/abstract/connection_pool.rb:621:in `call'
  activerecord (4.1.4) lib/active_record/migration.rb:380:in `call'
  actionpack (4.1.4) lib/action_dispatch/middleware/callbacks.rb:29:in `block in call'
  activesupport (4.1.4) lib/active_support/callbacks.rb:82:in `run_callbacks'
  actionpack (4.1.4) lib/action_dispatch/middleware/callbacks.rb:27:in `call'
  actionpack (4.1.4) lib/action_dispatch/middleware/reloader.rb:73:in `call'
  actionpack (4.1.4) lib/action_dispatch/middleware/remote_ip.rb:76:in `call'
  actionpack (4.1.4) lib/action_dispatch/middleware/debug_exceptions.rb:17:in `call'
  actionpack (4.1.4) lib/action_dispatch/middleware/show_exceptions.rb:30:in `call'
  railties (4.1.4) lib/rails/rack/logger.rb:38:in `call_app'
  railties (4.1.4) lib/rails/rack/logger.rb:20:in `block in call'
  activesupport (4.1.4) lib/active_support/tagged_logging.rb:68:in `block in tagged'
  activesupport (4.1.4) lib/active_support/tagged_logging.rb:26:in `tagged'
  activesupport (4.1.4) lib/active_support/tagged_logging.rb:68:in `tagged'
  railties (4.1.4) lib/rails/rack/logger.rb:20:in `call'
  actionpack (4.1.4) lib/action_dispatch/middleware/request_id.rb:21:in `call'
  rack (1.5.2) lib/rack/methodoverride.rb:21:in `call'
  rack (1.5.2) lib/rack/runtime.rb:17:in `call'
  activesupport (4.1.4) lib/active_support/cache/strategy/local_cache_middleware.rb:26:in `call'
  rack (1.5.2) lib/rack/lock.rb:17:in `call'
  actionpack (4.1.4) lib/action_dispatch/middleware/static.rb:64:in `call'
  rack (1.5.2) lib/rack/sendfile.rb:112:in `call'
  railties (4.1.4) lib/rails/engine.rb:514:in `call'
  railties (4.1.4) lib/rails/application.rb:144:in `call'
  rack (1.5.2) lib/rack/lock.rb:17:in `call'
  rack (1.5.2) lib/rack/content_length.rb:14:in `call'
  rack (1.5.2) lib/rack/handler/webrick.rb:60:in `service'
  /System/Library/Frameworks/Ruby.framework/Versions/2.0/usr/lib/ruby/2.0.0/webrick/httpserver.rb:138:in `service'
  /System/Library/Frameworks/Ruby.framework/Versions/2.0/usr/lib/ruby/2.0.0/webrick/httpserver.rb:94:in `run'
  /System/Library/Frameworks/Ruby.framework/Versions/2.0/usr/lib/ruby/2.0.0/webrick/server.rb:295:in `block in start_thread'


  Rendered /Library/Ruby/Gems/2.0.0/gems/actionpack-4.1.4/lib/action_dispatch/middleware/templates/rescues/_trace.html.erb (0.9ms)
  Rendered /Library/Ruby/Gems/2.0.0/gems/actionpack-4.1.4/lib/action_dispatch/middleware/templates/routes/_route.html.erb (2.8ms)
  Rendered /Library/Ruby/Gems/2.0.0/gems/actionpack-4.1.4/lib/action_dispatch/middleware/templates/routes/_table.html.erb (5.9ms)
  Rendered /Library/Ruby/Gems/2.0.0/gems/actionpack-4.1.4/lib/action_dispatch/middleware/templates/rescues/routing_error.html.erb within rescues/layout (56.0ms)


Started GET "/articles/new" for 127.0.0.1 at 2014-07-14 15:03:34 -0400

AbstractController::ActionNotFound (The action 'new' could not be found for ArticlesController):
  actionpack (4.1.4) lib/abstract_controller/base.rb:131:in `process'
  actionview (4.1.4) lib/action_view/rendering.rb:30:in `process'
  actionpack (4.1.4) lib/action_controller/metal.rb:196:in `dispatch'
  actionpack (4.1.4) lib/action_controller/metal/rack_delegation.rb:13:in `dispatch'
  actionpack (4.1.4) lib/action_controller/metal.rb:232:in `block in action'
  actionpack (4.1.4) lib/action_dispatch/routing/route_set.rb:82:in `call'
  actionpack (4.1.4) lib/action_dispatch/routing/route_set.rb:82:in `dispatch'
  actionpack (4.1.4) lib/action_dispatch/routing/route_set.rb:50:in `call'
  actionpack (4.1.4) lib/action_dispatch/journey/router.rb:71:in `block in call'
  actionpack (4.1.4) lib/action_dispatch/journey/router.rb:59:in `each'
  actionpack (4.1.4) lib/action_dispatch/journey/router.rb:59:in `call'
  actionpack (4.1.4) lib/action_dispatch/routing/route_set.rb:678:in `call'
  rack (1.5.2) lib/rack/etag.rb:23:in `call'
  rack (1.5.2) lib/rack/conditionalget.rb:25:in `call'
  rack (1.5.2) lib/rack/head.rb:11:in `call'
  actionpack (4.1.4) lib/action_dispatch/middleware/params_parser.rb:27:in `call'
  actionpack (4.1.4) lib/action_dispatch/middleware/flash.rb:254:in `call'
  rack (1.5.2) lib/rack/session/abstract/id.rb:225:in `context'
  rack (1.5.2) lib/rack/session/abstract/id.rb:220:in `call'
  actionpack (4.1.4) lib/action_dispatch/middleware/cookies.rb:560:in `call'
  activerecord (4.1.4) lib/active_record/query_cache.rb:36:in `call'
  activerecord (4.1.4) lib/active_record/connection_adapters/abstract/connection_pool.rb:621:in `call'
  activerecord (4.1.4) lib/active_record/migration.rb:380:in `call'
  actionpack (4.1.4) lib/action_dispatch/middleware/callbacks.rb:29:in `block in call'
  activesupport (4.1.4) lib/active_support/callbacks.rb:82:in `run_callbacks'
  actionpack (4.1.4) lib/action_dispatch/middleware/callbacks.rb:27:in `call'
  actionpack (4.1.4) lib/action_dispatch/middleware/reloader.rb:73:in `call'
  actionpack (4.1.4) lib/action_dispatch/middleware/remote_ip.rb:76:in `call'
  actionpack (4.1.4) lib/action_dispatch/middleware/debug_exceptions.rb:17:in `call'
  actionpack (4.1.4) lib/action_dispatch/middleware/show_exceptions.rb:30:in `call'
  railties (4.1.4) lib/rails/rack/logger.rb:38:in `call_app'
  railties (4.1.4) lib/rails/rack/logger.rb:20:in `block in call'
  activesupport (4.1.4) lib/active_support/tagged_logging.rb:68:in `block in tagged'
  activesupport (4.1.4) lib/active_support/tagged_logging.rb:26:in `tagged'
  activesupport (4.1.4) lib/active_support/tagged_logging.rb:68:in `tagged'
  railties (4.1.4) lib/rails/rack/logger.rb:20:in `call'
  actionpack (4.1.4) lib/action_dispatch/middleware/request_id.rb:21:in `call'
  rack (1.5.2) lib/rack/methodoverride.rb:21:in `call'
  rack (1.5.2) lib/rack/runtime.rb:17:in `call'
  activesupport (4.1.4) lib/active_support/cache/strategy/local_cache_middleware.rb:26:in `call'
  rack (1.5.2) lib/rack/lock.rb:17:in `call'
  actionpack (4.1.4) lib/action_dispatch/middleware/static.rb:64:in `call'
  rack (1.5.2) lib/rack/sendfile.rb:112:in `call'
  railties (4.1.4) lib/rails/engine.rb:514:in `call'
  railties (4.1.4) lib/rails/application.rb:144:in `call'
  rack (1.5.2) lib/rack/lock.rb:17:in `call'
  rack (1.5.2) lib/rack/content_length.rb:14:in `call'
  rack (1.5.2) lib/rack/handler/webrick.rb:60:in `service'
  /System/Library/Frameworks/Ruby.framework/Versions/2.0/usr/lib/ruby/2.0.0/webrick/httpserver.rb:138:in `service'
  /System/Library/Frameworks/Ruby.framework/Versions/2.0/usr/lib/ruby/2.0.0/webrick/httpserver.rb:94:in `run'
  /System/Library/Frameworks/Ruby.framework/Versions/2.0/usr/lib/ruby/2.0.0/webrick/server.rb:295:in `block in start_thread'


  Rendered /Library/Ruby/Gems/2.0.0/gems/actionpack-4.1.4/lib/action_dispatch/middleware/templates/rescues/unknown_action.html.erb within rescues/layout (0.4ms)


Started GET "/articles/new" for 127.0.0.1 at 2014-07-14 15:06:11 -0400
Processing by ArticlesController#new as HTML
  Rendered articles/new.html.erb within layouts/application (0.5ms)
Completed 200 OK in 133ms (Views: 131.7ms | ActiveRecord: 0.0ms)


Started GET "/assets/articles.css?body=1" for 127.0.0.1 at 2014-07-14 15:06:11 -0400


Started GET "/assets/welcome.css?body=1" for 127.0.0.1 at 2014-07-14 15:06:11 -0400


Started GET "/assets/jquery.js?body=1" for 127.0.0.1 at 2014-07-14 15:06:11 -0400


Started GET "/assets/application.css?body=1" for 127.0.0.1 at 2014-07-14 15:06:11 -0400


Started GET "/assets/turbolinks.js?body=1" for 127.0.0.1 at 2014-07-14 15:06:11 -0400


Started GET "/assets/jquery_ujs.js?body=1" for 127.0.0.1 at 2014-07-14 15:06:11 -0400


Started GET "/assets/articles.js?body=1" for 127.0.0.1 at 2014-07-14 15:06:11 -0400


Started GET "/assets/welcome.js?body=1" for 127.0.0.1 at 2014-07-14 15:06:11 -0400


Started GET "/assets/application.js?body=1" for 127.0.0.1 at 2014-07-14 15:06:11 -0400


Started GET "/articles/new" for 127.0.0.1 at 2014-07-14 15:11:31 -0400
Processing by ArticlesController#new as HTML
  Rendered articles/new.html.erb within layouts/application (88.9ms)
Completed 200 OK in 95ms (Views: 94.2ms | ActiveRecord: 0.0ms)


Started GET "/assets/welcome.css?body=1" for 127.0.0.1 at 2014-07-14 15:11:31 -0400


Started GET "/assets/articles.css?body=1" for 127.0.0.1 at 2014-07-14 15:11:31 -0400


Started GET "/assets/application.css?body=1" for 127.0.0.1 at 2014-07-14 15:11:31 -0400


Started GET "/assets/articles.js?body=1" for 127.0.0.1 at 2014-07-14 15:11:31 -0400


Started GET "/assets/jquery_ujs.js?body=1" for 127.0.0.1 at 2014-07-14 15:11:31 -0400


Started GET "/assets/jquery.js?body=1" for 127.0.0.1 at 2014-07-14 15:11:31 -0400


Started GET "/assets/turbolinks.js?body=1" for 127.0.0.1 at 2014-07-14 15:11:31 -0400


Started GET "/assets/welcome.js?body=1" for 127.0.0.1 at 2014-07-14 15:11:31 -0400


Started GET "/assets/application.js?body=1" for 127.0.0.1 at 2014-07-14 15:11:31 -0400


Started POST "/articles" for 127.0.0.1 at 2014-07-14 15:11:36 -0400

AbstractController::ActionNotFound (The action 'create' could not be found for ArticlesController):
  actionpack (4.1.4) lib/abstract_controller/base.rb:131:in `process'
  actionview (4.1.4) lib/action_view/rendering.rb:30:in `process'
  actionpack (4.1.4) lib/action_controller/metal.rb:196:in `dispatch'
  actionpack (4.1.4) lib/action_controller/metal/rack_delegation.rb:13:in `dispatch'
  actionpack (4.1.4) lib/action_controller/metal.rb:232:in `block in action'
  actionpack (4.1.4) lib/action_dispatch/routing/route_set.rb:82:in `call'
  actionpack (4.1.4) lib/action_dispatch/routing/route_set.rb:82:in `dispatch'
  actionpack (4.1.4) lib/action_dispatch/routing/route_set.rb:50:in `call'
  actionpack (4.1.4) lib/action_dispatch/journey/router.rb:71:in `block in call'
  actionpack (4.1.4) lib/action_dispatch/journey/router.rb:59:in `each'
  actionpack (4.1.4) lib/action_dispatch/journey/router.rb:59:in `call'
  actionpack (4.1.4) lib/action_dispatch/routing/route_set.rb:678:in `call'
  rack (1.5.2) lib/rack/etag.rb:23:in `call'
  rack (1.5.2) lib/rack/conditionalget.rb:35:in `call'
  rack (1.5.2) lib/rack/head.rb:11:in `call'
  actionpack (4.1.4) lib/action_dispatch/middleware/params_parser.rb:27:in `call'
  actionpack (4.1.4) lib/action_dispatch/middleware/flash.rb:254:in `call'
  rack (1.5.2) lib/rack/session/abstract/id.rb:225:in `context'
  rack (1.5.2) lib/rack/session/abstract/id.rb:220:in `call'
  actionpack (4.1.4) lib/action_dispatch/middleware/cookies.rb:560:in `call'
  activerecord (4.1.4) lib/active_record/query_cache.rb:36:in `call'
  activerecord (4.1.4) lib/active_record/connection_adapters/abstract/connection_pool.rb:621:in `call'
  activerecord (4.1.4) lib/active_record/migration.rb:380:in `call'
  actionpack (4.1.4) lib/action_dispatch/middleware/callbacks.rb:29:in `block in call'
  activesupport (4.1.4) lib/active_support/callbacks.rb:82:in `run_callbacks'
  actionpack (4.1.4) lib/action_dispatch/middleware/callbacks.rb:27:in `call'
  actionpack (4.1.4) lib/action_dispatch/middleware/reloader.rb:73:in `call'
  actionpack (4.1.4) lib/action_dispatch/middleware/remote_ip.rb:76:in `call'
  actionpack (4.1.4) lib/action_dispatch/middleware/debug_exceptions.rb:17:in `call'
  actionpack (4.1.4) lib/action_dispatch/middleware/show_exceptions.rb:30:in `call'
  railties (4.1.4) lib/rails/rack/logger.rb:38:in `call_app'
  railties (4.1.4) lib/rails/rack/logger.rb:20:in `block in call'
  activesupport (4.1.4) lib/active_support/tagged_logging.rb:68:in `block in tagged'
  activesupport (4.1.4) lib/active_support/tagged_logging.rb:26:in `tagged'
  activesupport (4.1.4) lib/active_support/tagged_logging.rb:68:in `tagged'
  railties (4.1.4) lib/rails/rack/logger.rb:20:in `call'
  actionpack (4.1.4) lib/action_dispatch/middleware/request_id.rb:21:in `call'
  rack (1.5.2) lib/rack/methodoverride.rb:21:in `call'
  rack (1.5.2) lib/rack/runtime.rb:17:in `call'
  activesupport (4.1.4) lib/active_support/cache/strategy/local_cache_middleware.rb:26:in `call'
  rack (1.5.2) lib/rack/lock.rb:17:in `call'
  actionpack (4.1.4) lib/action_dispatch/middleware/static.rb:64:in `call'
  rack (1.5.2) lib/rack/sendfile.rb:112:in `call'
  railties (4.1.4) lib/rails/engine.rb:514:in `call'
  railties (4.1.4) lib/rails/application.rb:144:in `call'
  rack (1.5.2) lib/rack/lock.rb:17:in `call'
  rack (1.5.2) lib/rack/content_length.rb:14:in `call'
  rack (1.5.2) lib/rack/handler/webrick.rb:60:in `service'
  /System/Library/Frameworks/Ruby.framework/Versions/2.0/usr/lib/ruby/2.0.0/webrick/httpserver.rb:138:in `service'
  /System/Library/Frameworks/Ruby.framework/Versions/2.0/usr/lib/ruby/2.0.0/webrick/httpserver.rb:94:in `run'
  /System/Library/Frameworks/Ruby.framework/Versions/2.0/usr/lib/ruby/2.0.0/webrick/server.rb:295:in `block in start_thread'


  Rendered /Library/Ruby/Gems/2.0.0/gems/actionpack-4.1.4/lib/action_dispatch/middleware/templates/rescues/unknown_action.html.erb within rescues/layout (0.4ms)


Started POST "/articles" for 127.0.0.1 at 2014-07-14 15:13:00 -0400
Processing by ArticlesController#create as HTML
  Parameters: {"utf8"=>"✓", "authenticity_token"=>"b2zlsW0nlSyByKsgV+iKGS7V2TOD2MoZc38gA/dPNoQ=", "article"=>{"title"=>"kas;dl", "text"=>"saD"}, "commit"=>"Save Article"}
  Rendered text template (0.0ms)
Completed 200 OK in 2ms (Views: 1.1ms | ActiveRecord: 0.0ms)
  [1m[36m (1.5ms)[0m  [1mCREATE TABLE "schema_migrations" ("version" varchar(255) NOT NULL) [0m
  [1m[35m (0.1ms)[0m  select sqlite_version(*)
  [1m[36m (0.9ms)[0m  [1mCREATE UNIQUE INDEX "unique_schema_migrations" ON "schema_migrations" ("version")[0m
  [1m[35mActiveRecord::SchemaMigration Load (0.1ms)[0m  SELECT "schema_migrations".* FROM "schema_migrations"
Migrating to CreateArticles (20140714191354)
  [1m[36m (0.1ms)[0m  [1mbegin transaction[0m
  [1m[35m (0.3ms)[0m  CREATE TABLE "articles" ("id" INTEGER PRIMARY KEY AUTOINCREMENT NOT NULL, "title" varchar(255), "text" text, "created_at" datetime, "updated_at" datetime) 
  [1m[36mSQL (0.2ms)[0m  [1mINSERT INTO "schema_migrations" ("version") VALUES (?)[0m  [["version", "20140714191354"]]
  [1m[35m (1.5ms)[0m  commit transaction
  [1m[36mActiveRecord::SchemaMigration Load (0.1ms)[0m  [1mSELECT "schema_migrations".* FROM "schema_migrations"[0m


Started POST "/articles" for 127.0.0.1 at 2014-07-14 15:16:56 -0400
  [1m[36mActiveRecord::SchemaMigration Load (0.1ms)[0m  [1mSELECT "schema_migrations".* FROM "schema_migrations"[0m
Processing by ArticlesController#create as HTML
  Parameters: {"utf8"=>"✓", "authenticity_token"=>"b2zlsW0nlSyByKsgV+iKGS7V2TOD2MoZc38gA/dPNoQ=", "article"=>{"title"=>"kas;dl", "text"=>"saD"}, "commit"=>"Save Article"}
Completed 500 Internal Server Error in 3ms

ActiveModel::ForbiddenAttributesError (ActiveModel::ForbiddenAttributesError):
  app/controllers/articles_controller.rb:6:in `create'


  Rendered /Library/Ruby/Gems/2.0.0/gems/actionpack-4.1.4/lib/action_dispatch/middleware/templates/rescues/_source.erb (0.6ms)
  Rendered /Library/Ruby/Gems/2.0.0/gems/actionpack-4.1.4/lib/action_dispatch/middleware/templates/rescues/_trace.html.erb (1.2ms)
  Rendered /Library/Ruby/Gems/2.0.0/gems/actionpack-4.1.4/lib/action_dispatch/middleware/templates/rescues/_request_and_response.html.erb (0.9ms)
  Rendered /Library/Ruby/Gems/2.0.0/gems/actionpack-4.1.4/lib/action_dispatch/middleware/templates/rescues/diagnostics.erb within rescues/layout (16.7ms)


Started GET "/articles/new" for 127.0.0.1 at 2014-07-14 15:22:50 -0400
Processing by ArticlesController#new as HTML
  Rendered articles/new.html.erb within layouts/application (2.5ms)
Completed 200 OK in 15ms (Views: 14.4ms | ActiveRecord: 0.0ms)


Started GET "/assets/articles.css?body=1" for 127.0.0.1 at 2014-07-14 15:22:50 -0400


Started GET "/assets/welcome.css?body=1" for 127.0.0.1 at 2014-07-14 15:22:50 -0400


Started GET "/assets/application.css?body=1" for 127.0.0.1 at 2014-07-14 15:22:50 -0400


Started GET "/assets/jquery.js?body=1" for 127.0.0.1 at 2014-07-14 15:22:50 -0400


Started GET "/assets/jquery_ujs.js?body=1" for 127.0.0.1 at 2014-07-14 15:22:50 -0400


Started GET "/assets/welcome.js?body=1" for 127.0.0.1 at 2014-07-14 15:22:50 -0400


Started GET "/assets/turbolinks.js?body=1" for 127.0.0.1 at 2014-07-14 15:22:50 -0400


Started GET "/assets/articles.js?body=1" for 127.0.0.1 at 2014-07-14 15:22:50 -0400


Started GET "/assets/application.js?body=1" for 127.0.0.1 at 2014-07-14 15:22:50 -0400


Started POST "/articles" for 127.0.0.1 at 2014-07-14 15:22:55 -0400
Processing by ArticlesController#create as HTML
  Parameters: {"utf8"=>"✓", "authenticity_token"=>"b2zlsW0nlSyByKsgV+iKGS7V2TOD2MoZc38gA/dPNoQ=", "article"=>{"title"=>"cxcx", "text"=>"zcX"}, "commit"=>"Save Article"}
  [1m[35m (0.2ms)[0m  begin transaction
  [1m[36mSQL (0.6ms)[0m  [1mINSERT INTO "articles" ("created_at", "text", "title", "updated_at") VALUES (?, ?, ?, ?)[0m  [["created_at", "2014-07-14 19:22:55.432035"], ["text", "zcX"], ["title", "cxcx"], ["updated_at", "2014-07-14 19:22:55.432035"]]
  [1m[35m (3.5ms)[0m  commit transaction
Redirected to http://localhost:3000/articles/1
Completed 302 Found in 90ms (ActiveRecord: 4.6ms)


Started GET "/articles/1" for 127.0.0.1 at 2014-07-14 15:22:55 -0400
Processing by ArticlesController#show as HTML
  Parameters: {"id"=>"1"}
  [1m[36mArticle Load (0.2ms)[0m  [1mSELECT  "articles".* FROM "articles"  WHERE "articles"."id" = ? LIMIT 1[0m  [["id", 1]]
  Rendered articles/show.html.erb within layouts/application (0.9ms)
Completed 500 Internal Server Error in 4ms

ActionView::Template::Error (undefined method `title' for nil:NilClass):
    1: <p>
    2:   <strong>Title:</strong>
    3:   <%= @article.title %>
    4: </p>
    5: 
    6: <p>
  app/views/articles/show.html.erb:3:in `_app_views_articles_show_html_erb___3081167750146181699_70350071440400'


  Rendered /Library/Ruby/Gems/2.0.0/gems/actionpack-4.1.4/lib/action_dispatch/middleware/templates/rescues/_trace.html.erb (1.0ms)
  Rendered /Library/Ruby/Gems/2.0.0/gems/actionpack-4.1.4/lib/action_dispatch/middleware/templates/rescues/_request_and_response.html.erb (0.8ms)
  Rendered /Library/Ruby/Gems/2.0.0/gems/actionpack-4.1.4/lib/action_dispatch/middleware/templates/rescues/template_error.html.erb within rescues/layout (9.4ms)


Started GET "/articles/1" for 127.0.0.1 at 2014-07-14 15:23:38 -0400
Processing by ArticlesController#show as HTML
  Parameters: {"id"=>"1"}
  [1m[35mArticle Load (0.2ms)[0m  SELECT  "articles".* FROM "articles"  WHERE "articles"."id" = ? LIMIT 1  [["id", 1]]
  Rendered articles/show.html.erb within layouts/application (1.0ms)
Completed 500 Internal Server Error in 4ms

ActionView::Template::Error (undefined method `title' for nil:NilClass):
    1: <p>
    2:   <strong>Title:</strong>
    3:   <%= @article.title %>
    4: </p>
    5: 
    6: <p>
  app/views/articles/show.html.erb:3:in `_app_views_articles_show_html_erb___3081167750146181699_70350083183540'


  Rendered /Library/Ruby/Gems/2.0.0/gems/actionpack-4.1.4/lib/action_dispatch/middleware/templates/rescues/_trace.html.erb (1.1ms)
  Rendered /Library/Ruby/Gems/2.0.0/gems/actionpack-4.1.4/lib/action_dispatch/middleware/templates/rescues/_request_and_response.html.erb (0.9ms)
  Rendered /Library/Ruby/Gems/2.0.0/gems/actionpack-4.1.4/lib/action_dispatch/middleware/templates/rescues/template_error.html.erb within rescues/layout (10.6ms)


Started POST "/articles" for 127.0.0.1 at 2014-07-14 15:23:57 -0400
Processing by ArticlesController#create as HTML
  Parameters: {"utf8"=>"✓", "authenticity_token"=>"b2zlsW0nlSyByKsgV+iKGS7V2TOD2MoZc38gA/dPNoQ=", "article"=>{"title"=>"cxcx", "text"=>"zcX"}, "commit"=>"Save Article"}
  [1m[36m (0.1ms)[0m  [1mbegin transaction[0m
  [1m[35mSQL (0.4ms)[0m  INSERT INTO "articles" ("created_at", "text", "title", "updated_at") VALUES (?, ?, ?, ?)  [["created_at", "2014-07-14 19:23:57.335125"], ["text", "zcX"], ["title", "cxcx"], ["updated_at", "2014-07-14 19:23:57.335125"]]
  [1m[36m (62.2ms)[0m  [1mcommit transaction[0m
Redirected to http://localhost:3000/articles/2
Completed 302 Found in 68ms (ActiveRecord: 62.8ms)


Started GET "/articles/2" for 127.0.0.1 at 2014-07-14 15:23:57 -0400
Processing by ArticlesController#show as HTML
  Parameters: {"id"=>"2"}
  [1m[35mArticle Load (0.1ms)[0m  SELECT  "articles".* FROM "articles"  WHERE "articles"."id" = ? LIMIT 1  [["id", 2]]
  Rendered articles/show.html.erb within layouts/application (0.9ms)
Completed 500 Internal Server Error in 4ms

ActionView::Template::Error (undefined method `title' for nil:NilClass):
    1: <p>
    2:   <strong>Title:</strong>
    3:   <%= @article.title %>
    4: </p>
    5:  
    6: <p>
  app/views/articles/show.html.erb:3:in `_app_views_articles_show_html_erb___3081167750146181699_70350071490220'


  Rendered /Library/Ruby/Gems/2.0.0/gems/actionpack-4.1.4/lib/action_dispatch/middleware/templates/rescues/_trace.html.erb (31.7ms)
  Rendered /Library/Ruby/Gems/2.0.0/gems/actionpack-4.1.4/lib/action_dispatch/middleware/templates/rescues/_request_and_response.html.erb (0.8ms)
  Rendered /Library/Ruby/Gems/2.0.0/gems/actionpack-4.1.4/lib/action_dispatch/middleware/templates/rescues/template_error.html.erb within rescues/layout (40.2ms)


Started GET "/articles/2" for 127.0.0.1 at 2014-07-14 15:24:39 -0400
Processing by ArticlesController#show as HTML
  Parameters: {"id"=>"2"}
  Rendered articles/show.html.erb within layouts/application (0.6ms)
Completed 500 Internal Server Error in 3ms

ActionView::Template::Error (undefined method `title' for nil:NilClass):
    1: <p>
    2:   <strong>Title:</strong>
    3:   <%= @article.title %>
    4: </p>
    5:  
    6: <p>
  app/views/articles/show.html.erb:3:in `_app_views_articles_show_html_erb___3081167750146181699_70350071490220'


  Rendered /Library/Ruby/Gems/2.0.0/gems/actionpack-4.1.4/lib/action_dispatch/middleware/templates/rescues/_trace.html.erb (1.1ms)
  Rendered /Library/Ruby/Gems/2.0.0/gems/actionpack-4.1.4/lib/action_dispatch/middleware/templates/rescues/_request_and_response.html.erb (0.8ms)
  Rendered /Library/Ruby/Gems/2.0.0/gems/actionpack-4.1.4/lib/action_dispatch/middleware/templates/rescues/template_error.html.erb within rescues/layout (9.9ms)


Started GET "/articles/2" for 127.0.0.1 at 2014-07-14 15:24:40 -0400
Processing by ArticlesController#show as HTML
  Parameters: {"id"=>"2"}
  Rendered articles/show.html.erb within layouts/application (0.6ms)
Completed 500 Internal Server Error in 2ms

ActionView::Template::Error (undefined method `title' for nil:NilClass):
    1: <p>
    2:   <strong>Title:</strong>
    3:   <%= @article.title %>
    4: </p>
    5:  
    6: <p>
  app/views/articles/show.html.erb:3:in `_app_views_articles_show_html_erb___3081167750146181699_70350071490220'


  Rendered /Library/Ruby/Gems/2.0.0/gems/actionpack-4.1.4/lib/action_dispatch/middleware/templates/rescues/_trace.html.erb (1.0ms)
  Rendered /Library/Ruby/Gems/2.0.0/gems/actionpack-4.1.4/lib/action_dispatch/middleware/templates/rescues/_request_and_response.html.erb (0.8ms)
  Rendered /Library/Ruby/Gems/2.0.0/gems/actionpack-4.1.4/lib/action_dispatch/middleware/templates/rescues/template_error.html.erb within rescues/layout (9.7ms)


Started POST "/articles" for 127.0.0.1 at 2014-07-14 15:24:42 -0400
Processing by ArticlesController#create as HTML
  Parameters: {"utf8"=>"✓", "authenticity_token"=>"b2zlsW0nlSyByKsgV+iKGS7V2TOD2MoZc38gA/dPNoQ=", "article"=>{"title"=>"cxcx", "text"=>"zcX"}, "commit"=>"Save Article"}
  [1m[36m (0.1ms)[0m  [1mbegin transaction[0m
  [1m[35mSQL (0.3ms)[0m  INSERT INTO "articles" ("created_at", "text", "title", "updated_at") VALUES (?, ?, ?, ?)  [["created_at", "2014-07-14 19:24:42.412452"], ["text", "zcX"], ["title", "cxcx"], ["updated_at", "2014-07-14 19:24:42.412452"]]
  [1m[36m (1.1ms)[0m  [1mcommit transaction[0m
Redirected to http://localhost:3000/articles/3
Completed 302 Found in 10ms (ActiveRecord: 1.9ms)


Started GET "/articles/3" for 127.0.0.1 at 2014-07-14 15:24:42 -0400
Processing by ArticlesController#show as HTML
  Parameters: {"id"=>"3"}
  Rendered articles/show.html.erb within layouts/application (0.6ms)
Completed 500 Internal Server Error in 2ms

ActionView::Template::Error (undefined method `title' for nil:NilClass):
    1: <p>
    2:   <strong>Title:</strong>
    3:   <%= @article.title %>
    4: </p>
    5:  
    6: <p>
  app/views/articles/show.html.erb:3:in `_app_views_articles_show_html_erb___3081167750146181699_70350071490220'


  Rendered /Library/Ruby/Gems/2.0.0/gems/actionpack-4.1.4/lib/action_dispatch/middleware/templates/rescues/_trace.html.erb (1.0ms)
  Rendered /Library/Ruby/Gems/2.0.0/gems/actionpack-4.1.4/lib/action_dispatch/middleware/templates/rescues/_request_and_response.html.erb (0.8ms)
  Rendered /Library/Ruby/Gems/2.0.0/gems/actionpack-4.1.4/lib/action_dispatch/middleware/templates/rescues/template_error.html.erb within rescues/layout (9.4ms)


Started GET "/articles/3" for 127.0.0.1 at 2014-07-14 15:24:59 -0400
Processing by ArticlesController#show as HTML
  Parameters: {"id"=>"3"}
  [1m[35mArticle Load (0.1ms)[0m  SELECT  "articles".* FROM "articles"  WHERE "articles"."id" = ? LIMIT 1  [["id", 3]]
  Rendered articles/show.html.erb within layouts/application (0.1ms)
Completed 200 OK in 11ms (Views: 4.1ms | ActiveRecord: 0.5ms)


Started GET "/assets/articles.css?body=1" for 127.0.0.1 at 2014-07-14 15:24:59 -0400


Started GET "/assets/welcome.css?body=1" for 127.0.0.1 at 2014-07-14 15:24:59 -0400


Started GET "/assets/application.css?body=1" for 127.0.0.1 at 2014-07-14 15:24:59 -0400


Started GET "/assets/jquery.js?body=1" for 127.0.0.1 at 2014-07-14 15:24:59 -0400


Started GET "/assets/articles.js?body=1" for 127.0.0.1 at 2014-07-14 15:24:59 -0400


Started GET "/assets/turbolinks.js?body=1" for 127.0.0.1 at 2014-07-14 15:24:59 -0400


Started GET "/assets/jquery_ujs.js?body=1" for 127.0.0.1 at 2014-07-14 15:24:59 -0400


Started GET "/assets/welcome.js?body=1" for 127.0.0.1 at 2014-07-14 15:24:59 -0400


Started GET "/assets/application.js?body=1" for 127.0.0.1 at 2014-07-14 15:24:59 -0400


Started GET "/articles" for 127.0.0.1 at 2014-07-14 15:27:05 -0400
Processing by ArticlesController#index as HTML
  [1m[36mArticle Load (0.3ms)[0m  [1mSELECT "articles".* FROM "articles"[0m
  Rendered articles/index.html.erb within layouts/application (6.9ms)
Completed 200 OK in 15ms (Views: 12.5ms | ActiveRecord: 0.5ms)


Started GET "/assets/articles.css?body=1" for 127.0.0.1 at 2014-07-14 15:27:05 -0400


Started GET "/assets/articles.js?body=1" for 127.0.0.1 at 2014-07-14 15:27:05 -0400


Started GET "/assets/jquery.js?body=1" for 127.0.0.1 at 2014-07-14 15:27:05 -0400


Started GET "/assets/application.js?body=1" for 127.0.0.1 at 2014-07-14 15:27:05 -0400


Started GET "/assets/jquery_ujs.js?body=1" for 127.0.0.1 at 2014-07-14 15:27:05 -0400


Started GET "/assets/welcome.css?body=1" for 127.0.0.1 at 2014-07-14 15:27:05 -0400


Started GET "/assets/application.css?body=1" for 127.0.0.1 at 2014-07-14 15:27:05 -0400


Started GET "/assets/welcome.js?body=1" for 127.0.0.1 at 2014-07-14 15:27:05 -0400


Started GET "/assets/turbolinks.js?body=1" for 127.0.0.1 at 2014-07-14 15:27:05 -0400


Started GET "/articles/new" for 127.0.0.1 at 2014-07-14 15:34:31 -0400
Processing by ArticlesController#new as HTML
  Rendered articles/new.html.erb within layouts/application (6.1ms)
Completed 200 OK in 15ms (Views: 11.3ms | ActiveRecord: 0.6ms)


Started GET "/assets/articles.css?body=1" for 127.0.0.1 at 2014-07-14 15:34:31 -0400


Started GET "/assets/welcome.css?body=1" for 127.0.0.1 at 2014-07-14 15:34:31 -0400


Started GET "/assets/application.css?body=1" for 127.0.0.1 at 2014-07-14 15:34:31 -0400


Started GET "/assets/articles.js?body=1" for 127.0.0.1 at 2014-07-14 15:34:31 -0400


Started GET "/assets/jquery_ujs.js?body=1" for 127.0.0.1 at 2014-07-14 15:34:31 -0400


Started GET "/assets/welcome.js?body=1" for 127.0.0.1 at 2014-07-14 15:34:31 -0400


Started GET "/assets/jquery.js?body=1" for 127.0.0.1 at 2014-07-14 15:34:31 -0400


Started GET "/assets/turbolinks.js?body=1" for 127.0.0.1 at 2014-07-14 15:34:31 -0400


Started GET "/assets/application.js?body=1" for 127.0.0.1 at 2014-07-14 15:34:31 -0400


Started POST "/articles" for 127.0.0.1 at 2014-07-14 15:34:45 -0400
Processing by ArticlesController#create as HTML
  Parameters: {"utf8"=>"✓", "authenticity_token"=>"b2zlsW0nlSyByKsgV+iKGS7V2TOD2MoZc38gA/dPNoQ=", "article"=>{"title"=>"", "text"=>""}, "commit"=>"Save Article"}
  [1m[35m (0.1ms)[0m  begin transaction
  [1m[36m (0.1ms)[0m  [1mrollback transaction[0m
  Rendered articles/new.html.erb within layouts/application (1.5ms)
Completed 200 OK in 9ms (Views: 5.8ms | ActiveRecord: 0.2ms)


Started GET "/assets/articles.css?body=1" for 127.0.0.1 at 2014-07-14 15:34:45 -0400


Started GET "/assets/application.css?body=1" for 127.0.0.1 at 2014-07-14 15:34:45 -0400


Started GET "/assets/turbolinks.js?body=1" for 127.0.0.1 at 2014-07-14 15:34:45 -0400


Started GET "/assets/welcome.css?body=1" for 127.0.0.1 at 2014-07-14 15:34:45 -0400


Started GET "/assets/jquery.js?body=1" for 127.0.0.1 at 2014-07-14 15:34:45 -0400


Started GET "/assets/jquery_ujs.js?body=1" for 127.0.0.1 at 2014-07-14 15:34:45 -0400


Started GET "/assets/articles.js?body=1" for 127.0.0.1 at 2014-07-14 15:34:45 -0400


Started GET "/assets/welcome.js?body=1" for 127.0.0.1 at 2014-07-14 15:34:45 -0400


Started GET "/assets/application.js?body=1" for 127.0.0.1 at 2014-07-14 15:34:45 -0400


Started POST "/articles" for 127.0.0.1 at 2014-07-14 15:40:56 -0400
Processing by ArticlesController#create as HTML
  Parameters: {"utf8"=>"✓", "authenticity_token"=>"b2zlsW0nlSyByKsgV+iKGS7V2TOD2MoZc38gA/dPNoQ=", "article"=>{"title"=>"", "text"=>""}, "commit"=>"Save Article"}
  [1m[35m (0.1ms)[0m  begin transaction
  [1m[36m (0.1ms)[0m  [1mrollback transaction[0m
  Rendered articles/new.html.erb within layouts/application (3.9ms)
Completed 200 OK in 12ms (Views: 9.1ms | ActiveRecord: 0.1ms)


Started GET "/assets/articles.css?body=1" for 127.0.0.1 at 2014-07-14 15:40:56 -0400


Started GET "/assets/welcome.css?body=1" for 127.0.0.1 at 2014-07-14 15:40:56 -0400


Started GET "/assets/application.css?body=1" for 127.0.0.1 at 2014-07-14 15:40:56 -0400


Started GET "/assets/articles.js?body=1" for 127.0.0.1 at 2014-07-14 15:40:56 -0400


Started GET "/assets/jquery.js?body=1" for 127.0.0.1 at 2014-07-14 15:40:56 -0400


Started GET "/assets/jquery_ujs.js?body=1" for 127.0.0.1 at 2014-07-14 15:40:56 -0400


Started GET "/assets/welcome.js?body=1" for 127.0.0.1 at 2014-07-14 15:40:56 -0400


Started GET "/assets/turbolinks.js?body=1" for 127.0.0.1 at 2014-07-14 15:40:56 -0400


Started GET "/assets/application.js?body=1" for 127.0.0.1 at 2014-07-14 15:40:56 -0400


Started POST "/articles" for 127.0.0.1 at 2014-07-14 15:51:31 -0400
Processing by ArticlesController#create as HTML
  Parameters: {"utf8"=>"✓", "authenticity_token"=>"b2zlsW0nlSyByKsgV+iKGS7V2TOD2MoZc38gA/dPNoQ=", "article"=>{"title"=>"cxcx", "text"=>"vcxvx"}, "commit"=>"Save Article"}
  [1m[35m (0.1ms)[0m  begin transaction
  [1m[36m (0.0ms)[0m  [1mrollback transaction[0m
  Rendered articles/new.html.erb within layouts/application (2.0ms)
Completed 200 OK in 14ms (Views: 6.4ms | ActiveRecord: 0.5ms)


Started GET "/assets/articles.css?body=1" for 127.0.0.1 at 2014-07-14 15:51:31 -0400


Started GET "/assets/application.css?body=1" for 127.0.0.1 at 2014-07-14 15:51:31 -0400


Started GET "/assets/welcome.css?body=1" for 127.0.0.1 at 2014-07-14 15:51:31 -0400


Started GET "/assets/articles.js?body=1" for 127.0.0.1 at 2014-07-14 15:51:31 -0400


Started GET "/assets/jquery.js?body=1" for 127.0.0.1 at 2014-07-14 15:51:31 -0400


Started GET "/assets/jquery_ujs.js?body=1" for 127.0.0.1 at 2014-07-14 15:51:31 -0400


Started GET "/assets/turbolinks.js?body=1" for 127.0.0.1 at 2014-07-14 15:51:31 -0400


Started GET "/assets/welcome.js?body=1" for 127.0.0.1 at 2014-07-14 15:51:31 -0400


Started GET "/assets/application.js?body=1" for 127.0.0.1 at 2014-07-14 15:51:31 -0400


Started POST "/articles" for 127.0.0.1 at 2014-07-14 15:51:36 -0400
Processing by ArticlesController#create as HTML
  Parameters: {"utf8"=>"✓", "authenticity_token"=>"b2zlsW0nlSyByKsgV+iKGS7V2TOD2MoZc38gA/dPNoQ=", "article"=>{"title"=>"cxcxfdf", "text"=>"vcxvx"}, "commit"=>"Save Article"}
  [1m[35m (0.1ms)[0m  begin transaction
  [1m[36mSQL (0.4ms)[0m  [1mINSERT INTO "articles" ("created_at", "text", "title", "updated_at") VALUES (?, ?, ?, ?)[0m  [["created_at", "2014-07-14 19:51:36.583322"], ["text", "vcxvx"], ["title", "cxcxfdf"], ["updated_at", "2014-07-14 19:51:36.583322"]]
  [1m[35m (62.9ms)[0m  commit transaction
Redirected to http://localhost:3000/articles/4
Completed 302 Found in 68ms (ActiveRecord: 63.4ms)


Started GET "/articles/4" for 127.0.0.1 at 2014-07-14 15:51:36 -0400
Processing by ArticlesController#show as HTML
  Parameters: {"id"=>"4"}
  [1m[36mArticle Load (0.2ms)[0m  [1mSELECT  "articles".* FROM "articles"  WHERE "articles"."id" = ? LIMIT 1[0m  [["id", 4]]
  Rendered articles/show.html.erb within layouts/application (0.6ms)
Completed 200 OK in 6ms (Views: 4.6ms | ActiveRecord: 0.2ms)


Started GET "/assets/articles.css?body=1" for 127.0.0.1 at 2014-07-14 15:51:36 -0400


Started GET "/assets/jquery_ujs.js?body=1" for 127.0.0.1 at 2014-07-14 15:51:36 -0400


Started GET "/assets/turbolinks.js?body=1" for 127.0.0.1 at 2014-07-14 15:51:36 -0400


Started GET "/assets/jquery.js?body=1" for 127.0.0.1 at 2014-07-14 15:51:36 -0400


Started GET "/assets/application.css?body=1" for 127.0.0.1 at 2014-07-14 15:51:36 -0400


Started GET "/assets/welcome.css?body=1" for 127.0.0.1 at 2014-07-14 15:51:36 -0400


Started GET "/assets/articles.js?body=1" for 127.0.0.1 at 2014-07-14 15:51:36 -0400


Started GET "/assets/welcome.js?body=1" for 127.0.0.1 at 2014-07-14 15:51:36 -0400


Started GET "/assets/application.js?body=1" for 127.0.0.1 at 2014-07-14 15:51:36 -0400


Started GET "/articles" for 127.0.0.1 at 2014-07-14 15:51:38 -0400
Processing by ArticlesController#index as HTML
  [1m[35mArticle Load (0.2ms)[0m  SELECT "articles".* FROM "articles"
  Rendered articles/index.html.erb within layouts/application (1.5ms)
Completed 200 OK in 7ms (Views: 6.1ms | ActiveRecord: 0.2ms)


Started GET "/articles/new" for 127.0.0.1 at 2014-07-14 15:51:39 -0400
Processing by ArticlesController#new as HTML
  Rendered articles/new.html.erb within layouts/application (2.3ms)
Completed 200 OK in 8ms (Views: 7.0ms | ActiveRecord: 0.0ms)


Started GET "/articles" for 127.0.0.1 at 2014-07-14 15:51:42 -0400
Processing by ArticlesController#index as HTML
  [1m[36mArticle Load (0.2ms)[0m  [1mSELECT "articles".* FROM "articles"[0m
  Rendered articles/index.html.erb within layouts/application (0.9ms)
Completed 200 OK in 5ms (Views: 4.5ms | ActiveRecord: 0.2ms)


Started GET "/articles" for 127.0.0.1 at 2014-07-14 15:55:13 -0400
Processing by ArticlesController#index as HTML
  [1m[35mArticle Load (0.2ms)[0m  SELECT "articles".* FROM "articles"
  Rendered articles/index.html.erb within layouts/application (1.9ms)
Completed 200 OK in 6ms (Views: 5.4ms | ActiveRecord: 0.2ms)


Started GET "/assets/articles.css?body=1" for 127.0.0.1 at 2014-07-14 15:55:13 -0400


Started GET "/assets/welcome.css?body=1" for 127.0.0.1 at 2014-07-14 15:55:13 -0400


Started GET "/assets/application.css?body=1" for 127.0.0.1 at 2014-07-14 15:55:13 -0400


Started GET "/assets/articles.js?body=1" for 127.0.0.1 at 2014-07-14 15:55:13 -0400


Started GET "/assets/jquery.js?body=1" for 127.0.0.1 at 2014-07-14 15:55:13 -0400


Started GET "/assets/jquery_ujs.js?body=1" for 127.0.0.1 at 2014-07-14 15:55:13 -0400


Started GET "/assets/turbolinks.js?body=1" for 127.0.0.1 at 2014-07-14 15:55:13 -0400


Started GET "/assets/welcome.js?body=1" for 127.0.0.1 at 2014-07-14 15:55:13 -0400


Started GET "/assets/application.js?body=1" for 127.0.0.1 at 2014-07-14 15:55:13 -0400


Started GET "/articles" for 127.0.0.1 at 2014-07-14 16:00:51 -0400
Processing by ArticlesController#index as HTML
  [1m[36mArticle Load (0.4ms)[0m  [1mSELECT "articles".* FROM "articles"[0m
  Rendered articles/index.html.erb within layouts/application (7.4ms)
Completed 200 OK in 17ms (Views: 11.7ms | ActiveRecord: 0.7ms)


Started GET "/assets/articles.css?body=1" for 127.0.0.1 at 2014-07-14 16:00:51 -0400


Started GET "/assets/application.css?body=1" for 127.0.0.1 at 2014-07-14 16:00:51 -0400


Started GET "/assets/welcome.css?body=1" for 127.0.0.1 at 2014-07-14 16:00:51 -0400


Started GET "/assets/articles.js?body=1" for 127.0.0.1 at 2014-07-14 16:00:51 -0400


Started GET "/assets/jquery_ujs.js?body=1" for 127.0.0.1 at 2014-07-14 16:00:51 -0400


Started GET "/assets/jquery.js?body=1" for 127.0.0.1 at 2014-07-14 16:00:51 -0400


Started GET "/assets/turbolinks.js?body=1" for 127.0.0.1 at 2014-07-14 16:00:51 -0400


Started GET "/assets/welcome.js?body=1" for 127.0.0.1 at 2014-07-14 16:00:51 -0400


Started GET "/assets/application.js?body=1" for 127.0.0.1 at 2014-07-14 16:00:51 -0400
  [1m[36mActiveRecord::SchemaMigration Load (0.1ms)[0m  [1mSELECT "schema_migrations".* FROM "schema_migrations"[0m
Migrating to CreateComments (20140714200249)
  [1m[35m (0.1ms)[0m  begin transaction
  [1m[36m (0.5ms)[0m  [1mCREATE TABLE "comments" ("id" INTEGER PRIMARY KEY AUTOINCREMENT NOT NULL, "commenter" varchar(255), "body" text, "article_id" integer, "created_at" datetime, "updated_at" datetime) [0m
  [1m[35m (0.1ms)[0m  select sqlite_version(*)
  [1m[36m (0.1ms)[0m  [1mCREATE  INDEX "index_comments_on_article_id" ON "comments" ("article_id")[0m
  [1m[35mSQL (0.2ms)[0m  INSERT INTO "schema_migrations" ("version") VALUES (?)  [["version", "20140714200249"]]
  [1m[36m (1.4ms)[0m  [1mcommit transaction[0m
  [1m[35mActiveRecord::SchemaMigration Load (0.2ms)[0m  SELECT "schema_migrations".* FROM "schema_migrations"
  [1m[36m (0.2ms)[0m  [1m            SELECT sql
            FROM sqlite_master
            WHERE name='index_comments_on_article_id' AND type='index'
            UNION ALL
            SELECT sql
            FROM sqlite_temp_master
            WHERE name='index_comments_on_article_id' AND type='index'
[0m


Started GET "/articles" for 127.0.0.1 at 2014-07-14 16:10:05 -0400
  [1m[35mActiveRecord::SchemaMigration Load (0.1ms)[0m  SELECT "schema_migrations".* FROM "schema_migrations"
Processing by ArticlesController#index as HTML
  [1m[36mArticle Load (0.2ms)[0m  [1mSELECT "articles".* FROM "articles"[0m
  Rendered articles/index.html.erb within layouts/application (5.0ms)
Completed 200 OK in 247ms (Views: 242.3ms | ActiveRecord: 0.4ms)


Started GET "/assets/articles.css?body=1" for 127.0.0.1 at 2014-07-14 16:10:06 -0400


Started GET "/assets/comments.css?body=1" for 127.0.0.1 at 2014-07-14 16:10:06 -0400


Started GET "/assets/welcome.css?body=1" for 127.0.0.1 at 2014-07-14 16:10:06 -0400


Started GET "/assets/jquery.js?body=1" for 127.0.0.1 at 2014-07-14 16:10:06 -0400


Started GET "/assets/application.css?body=1" for 127.0.0.1 at 2014-07-14 16:10:06 -0400


Started GET "/assets/articles.js?body=1" for 127.0.0.1 at 2014-07-14 16:10:06 -0400


Started GET "/assets/jquery_ujs.js?body=1" for 127.0.0.1 at 2014-07-14 16:10:06 -0400


Started GET "/assets/turbolinks.js?body=1" for 127.0.0.1 at 2014-07-14 16:10:06 -0400


Started GET "/assets/comments.js?body=1" for 127.0.0.1 at 2014-07-14 16:10:06 -0400


Started GET "/assets/welcome.js?body=1" for 127.0.0.1 at 2014-07-14 16:10:06 -0400


Started GET "/assets/application.js?body=1" for 127.0.0.1 at 2014-07-14 16:10:06 -0400


Started GET "/articles" for 127.0.0.1 at 2014-07-14 16:10:07 -0400
Processing by ArticlesController#index as HTML
  [1m[35mArticle Load (0.2ms)[0m  SELECT "articles".* FROM "articles"
  Rendered articles/index.html.erb within layouts/application (2.4ms)
Completed 200 OK in 10ms (Views: 9.3ms | ActiveRecord: 0.2ms)


Started GET "/assets/application.css?body=1" for 127.0.0.1 at 2014-07-14 16:10:07 -0400


Started GET "/assets/articles.css?body=1" for 127.0.0.1 at 2014-07-14 16:10:07 -0400


Started GET "/assets/welcome.css?body=1" for 127.0.0.1 at 2014-07-14 16:10:07 -0400


Started GET "/assets/comments.css?body=1" for 127.0.0.1 at 2014-07-14 16:10:07 -0400


Started GET "/assets/jquery.js?body=1" for 127.0.0.1 at 2014-07-14 16:10:07 -0400


Started GET "/assets/turbolinks.js?body=1" for 127.0.0.1 at 2014-07-14 16:10:07 -0400


Started GET "/assets/jquery_ujs.js?body=1" for 127.0.0.1 at 2014-07-14 16:10:07 -0400


Started GET "/assets/comments.js?body=1" for 127.0.0.1 at 2014-07-14 16:10:07 -0400


Started GET "/assets/articles.js?body=1" for 127.0.0.1 at 2014-07-14 16:10:07 -0400


Started GET "/assets/welcome.js?body=1" for 127.0.0.1 at 2014-07-14 16:10:07 -0400


Started GET "/assets/application.js?body=1" for 127.0.0.1 at 2014-07-14 16:10:07 -0400


Started GET "/articles/1" for 127.0.0.1 at 2014-07-14 16:10:08 -0400
Processing by ArticlesController#show as HTML
  Parameters: {"id"=>"1"}
  [1m[36mArticle Load (0.2ms)[0m  [1mSELECT  "articles".* FROM "articles"  WHERE "articles"."id" = ? LIMIT 1[0m  [["id", 1]]
  Rendered articles/show.html.erb within layouts/application (73.6ms)
Completed 200 OK in 80ms (Views: 78.0ms | ActiveRecord: 0.6ms)


Started GET "/articles" for 127.0.0.1 at 2014-07-14 16:17:25 -0400
Processing by ArticlesController#index as HTML
  [1m[35mArticle Load (0.3ms)[0m  SELECT "articles".* FROM "articles"
  Rendered articles/index.html.erb within layouts/application (5.6ms)
Completed 200 OK in 13ms (Views: 9.7ms | ActiveRecord: 0.5ms)


Started GET "/articles/1" for 127.0.0.1 at 2014-07-14 16:17:26 -0400
Processing by ArticlesController#show as HTML
  Parameters: {"id"=>"1"}
  [1m[36mArticle Load (0.2ms)[0m  [1mSELECT  "articles".* FROM "articles"  WHERE "articles"."id" = ? LIMIT 1[0m  [["id", 1]]
  [1m[35mComment Load (0.2ms)[0m  SELECT "comments".* FROM "comments"  WHERE "comments"."article_id" = ?  [["article_id", 1]]
  Rendered articles/show.html.erb within layouts/application (11.7ms)
Completed 200 OK in 18ms (Views: 15.6ms | ActiveRecord: 0.7ms)


Started POST "/articles/1/comments" for 127.0.0.1 at 2014-07-14 16:17:33 -0400
Processing by CommentsController#create as HTML
  Parameters: {"utf8"=>"✓", "authenticity_token"=>"b2zlsW0nlSyByKsgV+iKGS7V2TOD2MoZc38gA/dPNoQ=", "comment"=>{"commenter"=>"xzczxcz", "body"=>"xzczczxc"}, "commit"=>"Create Comment", "article_id"=>"1"}
  [1m[36mArticle Load (0.1ms)[0m  [1mSELECT  "articles".* FROM "articles"  WHERE "articles"."id" = ? LIMIT 1[0m  [["id", 1]]
  [1m[35m (0.1ms)[0m  begin transaction
  [1m[36mSQL (0.4ms)[0m  [1mINSERT INTO "comments" ("article_id", "body", "commenter", "created_at", "updated_at") VALUES (?, ?, ?, ?, ?)[0m  [["article_id", 1], ["body", "xzczczxc"], ["commenter", "xzczxcz"], ["created_at", "2014-07-14 20:17:33.100199"], ["updated_at", "2014-07-14 20:17:33.100199"]]
  [1m[35m (52.7ms)[0m  commit transaction
Redirected to http://localhost:3000/articles/1
Completed 302 Found in 58ms (ActiveRecord: 53.3ms)


Started GET "/articles/1" for 127.0.0.1 at 2014-07-14 16:17:33 -0400
Processing by ArticlesController#show as HTML
  Parameters: {"id"=>"1"}
  [1m[36mArticle Load (0.1ms)[0m  [1mSELECT  "articles".* FROM "articles"  WHERE "articles"."id" = ? LIMIT 1[0m  [["id", 1]]
  [1m[35mComment Load (0.1ms)[0m  SELECT "comments".* FROM "comments"  WHERE "comments"."article_id" = ?  [["article_id", 1]]
  Rendered articles/show.html.erb within layouts/application (8.2ms)
Completed 200 OK in 16ms (Views: 14.7ms | ActiveRecord: 0.2ms)


Started GET "/assets/articles.css?body=1" for 127.0.0.1 at 2014-07-14 16:17:33 -0400


Started GET "/assets/comments.css?body=1" for 127.0.0.1 at 2014-07-14 16:17:33 -0400


Started GET "/assets/jquery.js?body=1" for 127.0.0.1 at 2014-07-14 16:17:33 -0400


Started GET "/assets/welcome.css?body=1" for 127.0.0.1 at 2014-07-14 16:17:33 -0400


Started GET "/assets/application.css?body=1" for 127.0.0.1 at 2014-07-14 16:17:33 -0400


Started GET "/assets/jquery_ujs.js?body=1" for 127.0.0.1 at 2014-07-14 16:17:33 -0400


Started GET "/assets/articles.js?body=1" for 127.0.0.1 at 2014-07-14 16:17:33 -0400


Started GET "/assets/turbolinks.js?body=1" for 127.0.0.1 at 2014-07-14 16:17:33 -0400


Started GET "/assets/comments.js?body=1" for 127.0.0.1 at 2014-07-14 16:17:33 -0400


Started GET "/assets/welcome.js?body=1" for 127.0.0.1 at 2014-07-14 16:17:33 -0400


Started GET "/assets/application.js?body=1" for 127.0.0.1 at 2014-07-14 16:17:33 -0400


Started GET "/articles/1" for 127.0.0.1 at 2014-07-14 16:19:33 -0400
Processing by ArticlesController#show as HTML
  Parameters: {"id"=>"1"}
  [1m[36mArticle Load (0.1ms)[0m  [1mSELECT  "articles".* FROM "articles"  WHERE "articles"."id" = ? LIMIT 1[0m  [["id", 1]]
  [1m[35mComment Load (0.1ms)[0m  SELECT "comments".* FROM "comments"  WHERE "comments"."article_id" = ?  [["article_id", 1]]
  Rendered comments/_comment.html.erb (0.4ms)
  Rendered articles/show.html.erb within layouts/application (6.2ms)
Completed 200 OK in 13ms (Views: 10.9ms | ActiveRecord: 0.2ms)


Started GET "/assets/articles.css?body=1" for 127.0.0.1 at 2014-07-14 16:19:33 -0400


Started GET "/assets/application.css?body=1" for 127.0.0.1 at 2014-07-14 16:19:33 -0400


Started GET "/assets/comments.css?body=1" for 127.0.0.1 at 2014-07-14 16:19:33 -0400


Started GET "/assets/jquery_ujs.js?body=1" for 127.0.0.1 at 2014-07-14 16:19:33 -0400


Started GET "/assets/welcome.css?body=1" for 127.0.0.1 at 2014-07-14 16:19:33 -0400


Started GET "/assets/jquery.js?body=1" for 127.0.0.1 at 2014-07-14 16:19:33 -0400


Started GET "/assets/turbolinks.js?body=1" for 127.0.0.1 at 2014-07-14 16:19:33 -0400


Started GET "/assets/articles.js?body=1" for 127.0.0.1 at 2014-07-14 16:19:33 -0400


Started GET "/assets/comments.js?body=1" for 127.0.0.1 at 2014-07-14 16:19:33 -0400


Started GET "/assets/welcome.js?body=1" for 127.0.0.1 at 2014-07-14 16:19:33 -0400


Started GET "/assets/application.js?body=1" for 127.0.0.1 at 2014-07-14 16:19:33 -0400


Started GET "/articles/1/edit" for 127.0.0.1 at 2014-07-14 16:19:36 -0400
Processing by ArticlesController#edit as HTML
  Parameters: {"id"=>"1"}
  [1m[36mArticle Load (0.1ms)[0m  [1mSELECT  "articles".* FROM "articles"  WHERE "articles"."id" = ? LIMIT 1[0m  [["id", 1]]
  Rendered articles/_form.html.erb (2.4ms)
  Rendered articles/edit.html.erb within layouts/application (3.9ms)
Completed 200 OK in 11ms (Views: 9.1ms | ActiveRecord: 0.1ms)


Started PATCH "/articles/1" for 127.0.0.1 at 2014-07-14 16:19:37 -0400
Processing by ArticlesController#update as HTML
  Parameters: {"utf8"=>"✓", "authenticity_token"=>"b2zlsW0nlSyByKsgV+iKGS7V2TOD2MoZc38gA/dPNoQ=", "article"=>{"title"=>"cxcx", "text"=>"zcX"}, "commit"=>"Update Article", "id"=>"1"}
  [1m[35mArticle Load (0.1ms)[0m  SELECT  "articles".* FROM "articles"  WHERE "articles"."id" = ? LIMIT 1  [["id", 1]]
  [1m[36m (0.1ms)[0m  [1mbegin transaction[0m
  [1m[35m (0.1ms)[0m  rollback transaction
  Rendered articles/_form.html.erb (3.0ms)
  Rendered articles/edit.html.erb within layouts/application (4.1ms)
Completed 200 OK in 53ms (Views: 49.0ms | ActiveRecord: 0.3ms)


Started GET "/assets/comments.css?body=1" for 127.0.0.1 at 2014-07-14 16:19:38 -0400


Started GET "/assets/welcome.css?body=1" for 127.0.0.1 at 2014-07-14 16:19:38 -0400


Started GET "/assets/articles.css?body=1" for 127.0.0.1 at 2014-07-14 16:19:38 -0400


Started GET "/assets/jquery.js?body=1" for 127.0.0.1 at 2014-07-14 16:19:38 -0400


Started GET "/assets/application.css?body=1" for 127.0.0.1 at 2014-07-14 16:19:38 -0400


Started GET "/assets/jquery_ujs.js?body=1" for 127.0.0.1 at 2014-07-14 16:19:38 -0400


Started GET "/assets/turbolinks.js?body=1" for 127.0.0.1 at 2014-07-14 16:19:38 -0400


Started GET "/assets/articles.js?body=1" for 127.0.0.1 at 2014-07-14 16:19:38 -0400


Started GET "/assets/comments.js?body=1" for 127.0.0.1 at 2014-07-14 16:19:38 -0400


Started GET "/assets/welcome.js?body=1" for 127.0.0.1 at 2014-07-14 16:19:38 -0400


Started GET "/assets/application.js?body=1" for 127.0.0.1 at 2014-07-14 16:19:38 -0400


Started PATCH "/articles/1" for 127.0.0.1 at 2014-07-14 16:19:40 -0400
Processing by ArticlesController#update as HTML
  Parameters: {"utf8"=>"✓", "authenticity_token"=>"b2zlsW0nlSyByKsgV+iKGS7V2TOD2MoZc38gA/dPNoQ=", "article"=>{"title"=>"cxcxdss", "text"=>"zcX"}, "commit"=>"Update Article", "id"=>"1"}
  [1m[36mArticle Load (0.1ms)[0m  [1mSELECT  "articles".* FROM "articles"  WHERE "articles"."id" = ? LIMIT 1[0m  [["id", 1]]
  [1m[35m (0.1ms)[0m  begin transaction
  [1m[36mSQL (0.3ms)[0m  [1mUPDATE "articles" SET "title" = ?, "updated_at" = ? WHERE "articles"."id" = 1[0m  [["title", "cxcxdss"], ["updated_at", "2014-07-14 20:19:40.995002"]]
  [1m[35m (60.5ms)[0m  commit transaction
Redirected to http://localhost:3000/articles/1
Completed 302 Found in 66ms (ActiveRecord: 60.9ms)


Started GET "/articles/1" for 127.0.0.1 at 2014-07-14 16:19:41 -0400
Processing by ArticlesController#show as HTML
  Parameters: {"id"=>"1"}
  [1m[36mArticle Load (0.1ms)[0m  [1mSELECT  "articles".* FROM "articles"  WHERE "articles"."id" = ? LIMIT 1[0m  [["id", 1]]
  [1m[35mComment Load (0.1ms)[0m  SELECT "comments".* FROM "comments"  WHERE "comments"."article_id" = ?  [["article_id", 1]]
  Rendered comments/_comment.html.erb (0.1ms)
  Rendered articles/show.html.erb within layouts/application (4.1ms)
Completed 200 OK in 10ms (Views: 8.5ms | ActiveRecord: 0.2ms)


Started GET "/assets/articles.css?body=1" for 127.0.0.1 at 2014-07-14 16:19:41 -0400


Started GET "/assets/welcome.css?body=1" for 127.0.0.1 at 2014-07-14 16:19:41 -0400


Started GET "/assets/comments.css?body=1" for 127.0.0.1 at 2014-07-14 16:19:41 -0400


Started GET "/assets/jquery.js?body=1" for 127.0.0.1 at 2014-07-14 16:19:41 -0400


Started GET "/assets/turbolinks.js?body=1" for 127.0.0.1 at 2014-07-14 16:19:41 -0400


Started GET "/assets/application.css?body=1" for 127.0.0.1 at 2014-07-14 16:19:41 -0400


Started GET "/assets/jquery_ujs.js?body=1" for 127.0.0.1 at 2014-07-14 16:19:41 -0400


Started GET "/assets/articles.js?body=1" for 127.0.0.1 at 2014-07-14 16:19:41 -0400


Started GET "/assets/comments.js?body=1" for 127.0.0.1 at 2014-07-14 16:19:41 -0400


Started GET "/assets/welcome.js?body=1" for 127.0.0.1 at 2014-07-14 16:19:41 -0400


Started GET "/assets/application.js?body=1" for 127.0.0.1 at 2014-07-14 16:19:41 -0400


Started POST "/articles/1/comments" for 127.0.0.1 at 2014-07-14 16:19:43 -0400
Processing by CommentsController#create as HTML
  Parameters: {"utf8"=>"✓", "authenticity_token"=>"b2zlsW0nlSyByKsgV+iKGS7V2TOD2MoZc38gA/dPNoQ=", "comment"=>{"commenter"=>"dsds", "body"=>""}, "commit"=>"Create Comment", "article_id"=>"1"}
  [1m[36mArticle Load (0.1ms)[0m  [1mSELECT  "articles".* FROM "articles"  WHERE "articles"."id" = ? LIMIT 1[0m  [["id", 1]]
  [1m[35m (0.0ms)[0m  begin transaction
  [1m[36mSQL (0.2ms)[0m  [1mINSERT INTO "comments" ("article_id", "body", "commenter", "created_at", "updated_at") VALUES (?, ?, ?, ?, ?)[0m  [["article_id", 1], ["body", ""], ["commenter", "dsds"], ["created_at", "2014-07-14 20:19:43.488851"], ["updated_at", "2014-07-14 20:19:43.488851"]]
  [1m[35m (1.6ms)[0m  commit transaction
Redirected to http://localhost:3000/articles/1
Completed 302 Found in 6ms (ActiveRecord: 2.0ms)


Started GET "/articles/1" for 127.0.0.1 at 2014-07-14 16:19:43 -0400
Processing by ArticlesController#show as HTML
  Parameters: {"id"=>"1"}
  [1m[36mArticle Load (0.1ms)[0m  [1mSELECT  "articles".* FROM "articles"  WHERE "articles"."id" = ? LIMIT 1[0m  [["id", 1]]
  [1m[35mComment Load (0.1ms)[0m  SELECT "comments".* FROM "comments"  WHERE "comments"."article_id" = ?  [["article_id", 1]]
  Rendered comments/_comment.html.erb (0.1ms)
  Rendered articles/show.html.erb within layouts/application (3.5ms)
Completed 200 OK in 9ms (Views: 7.5ms | ActiveRecord: 0.2ms)


Started GET "/assets/application.css?body=1" for 127.0.0.1 at 2014-07-14 16:19:43 -0400


Started GET "/assets/comments.css?body=1" for 127.0.0.1 at 2014-07-14 16:19:43 -0400


Started GET "/assets/welcome.css?body=1" for 127.0.0.1 at 2014-07-14 16:19:43 -0400


Started GET "/assets/articles.css?body=1" for 127.0.0.1 at 2014-07-14 16:19:43 -0400


Started GET "/assets/jquery.js?body=1" for 127.0.0.1 at 2014-07-14 16:19:43 -0400


Started GET "/assets/jquery_ujs.js?body=1" for 127.0.0.1 at 2014-07-14 16:19:43 -0400


Started GET "/assets/turbolinks.js?body=1" for 127.0.0.1 at 2014-07-14 16:19:43 -0400


Started GET "/assets/articles.js?body=1" for 127.0.0.1 at 2014-07-14 16:19:43 -0400


Started GET "/assets/comments.js?body=1" for 127.0.0.1 at 2014-07-14 16:19:43 -0400


Started GET "/assets/welcome.js?body=1" for 127.0.0.1 at 2014-07-14 16:19:43 -0400


Started GET "/assets/application.js?body=1" for 127.0.0.1 at 2014-07-14 16:19:43 -0400


Started GET "/articles/1" for 127.0.0.1 at 2014-07-14 16:20:53 -0400
Processing by ArticlesController#show as HTML
  Parameters: {"id"=>"1"}
  [1m[36mArticle Load (0.1ms)[0m  [1mSELECT  "articles".* FROM "articles"  WHERE "articles"."id" = ? LIMIT 1[0m  [["id", 1]]
  [1m[35mComment Load (0.1ms)[0m  SELECT "comments".* FROM "comments"  WHERE "comments"."article_id" = ?  [["article_id", 1]]
  Rendered comments/_comment.html.erb (0.1ms)
  Rendered comments/_form.html.erb (2.5ms)
  Rendered articles/show.html.erb within layouts/application (6.0ms)
Completed 200 OK in 12ms (Views: 10.7ms | ActiveRecord: 0.2ms)


Started GET "/assets/articles.css?body=1" for 127.0.0.1 at 2014-07-14 16:20:53 -0400


Started GET "/assets/jquery_ujs.js?body=1" for 127.0.0.1 at 2014-07-14 16:20:53 -0400


Started GET "/assets/comments.css?body=1" for 127.0.0.1 at 2014-07-14 16:20:53 -0400


Started GET "/assets/welcome.css?body=1" for 127.0.0.1 at 2014-07-14 16:20:53 -0400


Started GET "/assets/jquery.js?body=1" for 127.0.0.1 at 2014-07-14 16:20:53 -0400


Started GET "/assets/articles.js?body=1" for 127.0.0.1 at 2014-07-14 16:20:53 -0400


Started GET "/assets/application.css?body=1" for 127.0.0.1 at 2014-07-14 16:20:53 -0400


Started GET "/assets/turbolinks.js?body=1" for 127.0.0.1 at 2014-07-14 16:20:53 -0400


Started GET "/assets/comments.js?body=1" for 127.0.0.1 at 2014-07-14 16:20:53 -0400


Started GET "/assets/welcome.js?body=1" for 127.0.0.1 at 2014-07-14 16:20:53 -0400


Started GET "/assets/application.js?body=1" for 127.0.0.1 at 2014-07-14 16:20:53 -0400


Started POST "/articles/1/comments" for 127.0.0.1 at 2014-07-14 16:20:57 -0400
Processing by CommentsController#create as HTML
  Parameters: {"utf8"=>"✓", "authenticity_token"=>"b2zlsW0nlSyByKsgV+iKGS7V2TOD2MoZc38gA/dPNoQ=", "comment"=>{"commenter"=>"xZX", "body"=>"xZx"}, "commit"=>"Create Comment", "article_id"=>"1"}
  [1m[36mArticle Load (0.1ms)[0m  [1mSELECT  "articles".* FROM "articles"  WHERE "articles"."id" = ? LIMIT 1[0m  [["id", 1]]
  [1m[35m (0.1ms)[0m  begin transaction
  [1m[36mSQL (0.4ms)[0m  [1mINSERT INTO "comments" ("article_id", "body", "commenter", "created_at", "updated_at") VALUES (?, ?, ?, ?, ?)[0m  [["article_id", 1], ["body", "xZx"], ["commenter", "xZX"], ["created_at", "2014-07-14 20:20:57.552256"], ["updated_at", "2014-07-14 20:20:57.552256"]]
  [1m[35m (1.4ms)[0m  commit transaction
Redirected to http://localhost:3000/articles/1
Completed 302 Found in 6ms (ActiveRecord: 2.0ms)


Started GET "/articles/1" for 127.0.0.1 at 2014-07-14 16:20:57 -0400
Processing by ArticlesController#show as HTML
  Parameters: {"id"=>"1"}
  [1m[36mArticle Load (0.1ms)[0m  [1mSELECT  "articles".* FROM "articles"  WHERE "articles"."id" = ? LIMIT 1[0m  [["id", 1]]
  [1m[35mComment Load (0.1ms)[0m  SELECT "comments".* FROM "comments"  WHERE "comments"."article_id" = ?  [["article_id", 1]]
  Rendered comments/_comment.html.erb (0.2ms)
  Rendered comments/_form.html.erb (2.7ms)
  Rendered articles/show.html.erb within layouts/application (5.8ms)
Completed 200 OK in 13ms (Views: 12.0ms | ActiveRecord: 0.2ms)


Started GET "/assets/comments.css?body=1" for 127.0.0.1 at 2014-07-14 16:20:57 -0400


Started GET "/assets/welcome.css?body=1" for 127.0.0.1 at 2014-07-14 16:20:57 -0400


Started GET "/assets/articles.css?body=1" for 127.0.0.1 at 2014-07-14 16:20:57 -0400


Started GET "/assets/jquery.js?body=1" for 127.0.0.1 at 2014-07-14 16:20:57 -0400


Started GET "/assets/application.css?body=1" for 127.0.0.1 at 2014-07-14 16:20:57 -0400


Started GET "/assets/jquery_ujs.js?body=1" for 127.0.0.1 at 2014-07-14 16:20:57 -0400


Started GET "/assets/turbolinks.js?body=1" for 127.0.0.1 at 2014-07-14 16:20:57 -0400


Started GET "/assets/articles.js?body=1" for 127.0.0.1 at 2014-07-14 16:20:57 -0400


Started GET "/assets/comments.js?body=1" for 127.0.0.1 at 2014-07-14 16:20:57 -0400


Started GET "/assets/welcome.js?body=1" for 127.0.0.1 at 2014-07-14 16:20:57 -0400


Started GET "/assets/application.js?body=1" for 127.0.0.1 at 2014-07-14 16:20:57 -0400


Started GET "/articles/1" for 127.0.0.1 at 2014-07-15 10:33:29 -0400
  [1m[36mActiveRecord::SchemaMigration Load (0.1ms)[0m  [1mSELECT "schema_migrations".* FROM "schema_migrations"[0m
Processing by ArticlesController#show as HTML
  Parameters: {"id"=>"1"}
  [1m[35mArticle Load (0.1ms)[0m  SELECT  "articles".* FROM "articles"  WHERE "articles"."id" = ? LIMIT 1  [["id", 1]]
  [1m[36mComment Load (15.3ms)[0m  [1mSELECT "comments".* FROM "comments"  WHERE "comments"."article_id" = ?[0m  [["article_id", 1]]
  Rendered comments/_comment.html.erb (17.6ms)
  Rendered comments/_form.html.erb (113.6ms)
  Rendered articles/show.html.erb within layouts/application (302.6ms)
Completed 200 OK in 743ms (Views: 624.3ms | ActiveRecord: 16.2ms)


Started GET "/assets/articles.css?body=1" for 127.0.0.1 at 2014-07-15 10:33:31 -0400


Started GET "/assets/welcome.css?body=1" for 127.0.0.1 at 2014-07-15 10:33:31 -0400


Started GET "/assets/comments.css?body=1" for 127.0.0.1 at 2014-07-15 10:33:31 -0400


Started GET "/assets/application.css?body=1" for 127.0.0.1 at 2014-07-15 10:33:31 -0400


Started GET "/assets/jquery.js?body=1" for 127.0.0.1 at 2014-07-15 10:33:31 -0400


Started GET "/assets/jquery_ujs.js?body=1" for 127.0.0.1 at 2014-07-15 10:33:31 -0400


Started GET "/assets/turbolinks.js?body=1" for 127.0.0.1 at 2014-07-15 10:33:31 -0400


Started GET "/assets/articles.js?body=1" for 127.0.0.1 at 2014-07-15 10:33:31 -0400


Started GET "/assets/comments.js?body=1" for 127.0.0.1 at 2014-07-15 10:33:31 -0400


Started GET "/assets/welcome.js?body=1" for 127.0.0.1 at 2014-07-15 10:33:31 -0400


Started GET "/assets/application.js?body=1" for 127.0.0.1 at 2014-07-15 10:33:31 -0400


Started GET "/articles" for 127.0.0.1 at 2014-07-15 15:05:55 -0400
  [1m[35mActiveRecord::SchemaMigration Load (0.2ms)[0m  SELECT "schema_migrations".* FROM "schema_migrations"
Processing by ArticlesController#index as HTML
  [1m[36mArticle Load (0.3ms)[0m  [1mSELECT "articles".* FROM "articles"[0m
  Rendered articles/index.html.erb within layouts/application (10.7ms)
Completed 200 OK in 133ms (Views: 67.5ms | ActiveRecord: 0.7ms)


Started GET "/articles" for 127.0.0.1 at 2014-07-15 15:07:56 -0400
Processing by ArticlesController#index as HTML
  [1m[35mArticle Load (0.2ms)[0m  SELECT "articles".* FROM "articles"
  Rendered articles/index.html.erb within layouts/application (3.2ms)
Completed 200 OK in 11ms (Views: 9.3ms | ActiveRecord: 0.2ms)


Started GET "/assets/articles.css?body=1" for 127.0.0.1 at 2014-07-15 15:07:56 -0400


Started GET "/assets/turbolinks.js?body=1" for 127.0.0.1 at 2014-07-15 15:07:56 -0400


Started GET "/assets/welcome.css?body=1" for 127.0.0.1 at 2014-07-15 15:07:56 -0400


Started GET "/assets/application.css?body=1" for 127.0.0.1 at 2014-07-15 15:07:56 -0400


Started GET "/assets/comments.css?body=1" for 127.0.0.1 at 2014-07-15 15:07:56 -0400


Started GET "/assets/jquery_ujs.js?body=1" for 127.0.0.1 at 2014-07-15 15:07:56 -0400


Started GET "/assets/jquery.js?body=1" for 127.0.0.1 at 2014-07-15 15:07:56 -0400


Started GET "/assets/articles.js?body=1" for 127.0.0.1 at 2014-07-15 15:07:56 -0400


Started GET "/assets/comments.js?body=1" for 127.0.0.1 at 2014-07-15 15:07:56 -0400


Started GET "/assets/application.js?body=1" for 127.0.0.1 at 2014-07-15 15:07:56 -0400


Started GET "/assets/welcome.js?body=1" for 127.0.0.1 at 2014-07-15 15:07:56 -0400


Started GET "/articles" for 127.0.0.1 at 2014-07-15 15:29:09 -0400
Processing by ArticlesController#index as HTML
  [1m[36mArticle Load (0.1ms)[0m  [1mSELECT "articles".* FROM "articles"[0m
  Rendered articles/index.html.erb within layouts/application (1.8ms)
Completed 500 Internal Server Error in 739ms

ActionView::Template::Error (Undefined mixin 'box-sizing'.
  (in /Users/judywu/summer_2014_projects/blog/app/assets/stylesheets/welcome.css.scss:33)):
    2: <html>
    3: <head>
    4:   <title>Bond -- Learn new languages and share your experience! </title>
    5:   <%= stylesheet_link_tag    'application', media: 'all', 'data-turbolinks-track' => true %>
    6:   <%= javascript_include_tag 'application', 'data-turbolinks-track' => true %>
    7:   <%= csrf_meta_tags %>
    8: </head>
  app/assets/stylesheets/welcome.css.scss:33:in `box-sizing'
  app/assets/stylesheets/welcome.css.scss:33
  app/views/layouts/application.html.erb:5:in `_app_views_layouts_application_html_erb__1802248045365691764_70236770762140'


  Rendered /Library/Ruby/Gems/2.0.0/gems/actionpack-4.1.4/lib/action_dispatch/middleware/templates/rescues/_trace.html.erb (1.5ms)
  Rendered /Library/Ruby/Gems/2.0.0/gems/actionpack-4.1.4/lib/action_dispatch/middleware/templates/rescues/_request_and_response.html.erb (0.9ms)
  Rendered /Library/Ruby/Gems/2.0.0/gems/actionpack-4.1.4/lib/action_dispatch/middleware/templates/rescues/template_error.html.erb within rescues/layout (16.4ms)


Started GET "/articles" for 127.0.0.1 at 2014-07-15 15:29:31 -0400
Processing by ArticlesController#index as HTML
  [1m[35mArticle Load (0.2ms)[0m  SELECT "articles".* FROM "articles"
  Rendered articles/index.html.erb within layouts/application (2.5ms)
Completed 200 OK in 100ms (Views: 99.1ms | ActiveRecord: 0.2ms)


Started GET "/assets/articles.css?body=1" for 127.0.0.1 at 2014-07-15 15:29:31 -0400


Started GET "/assets/application.css?body=1" for 127.0.0.1 at 2014-07-15 15:29:31 -0400


Started GET "/assets/comments.css?body=1" for 127.0.0.1 at 2014-07-15 15:29:31 -0400


Started GET "/assets/welcome.css?body=1" for 127.0.0.1 at 2014-07-15 15:29:31 -0400


Started GET "/assets/jquery_ujs.js?body=1" for 127.0.0.1 at 2014-07-15 15:29:31 -0400


Started GET "/assets/turbolinks.js?body=1" for 127.0.0.1 at 2014-07-15 15:29:31 -0400


Started GET "/assets/jquery.js?body=1" for 127.0.0.1 at 2014-07-15 15:29:31 -0400


Started GET "/assets/articles.js?body=1" for 127.0.0.1 at 2014-07-15 15:29:31 -0400


Started GET "/assets/comments.js?body=1" for 127.0.0.1 at 2014-07-15 15:29:31 -0400


Started GET "/assets/welcome.js?body=1" for 127.0.0.1 at 2014-07-15 15:29:31 -0400


Started GET "/assets/application.js?body=1" for 127.0.0.1 at 2014-07-15 15:29:31 -0400


Started GET "/articles" for 127.0.0.1 at 2014-07-15 15:50:29 -0400
Processing by ArticlesController#index as HTML
  [1m[36mArticle Load (59.1ms)[0m  [1mSELECT "articles".* FROM "articles"[0m
  Rendered articles/index.html.erb within layouts/application (74.2ms)
Completed 500 Internal Server Error in 544ms

ActionView::Template::Error (Undefined mixin 'box-sizing'.
  (in /Users/judywu/summer_2014_projects/blog/app/assets/stylesheets/welcome.css.scss:33)):
    2: <html>
    3: <head>
    4:   <title>Bond -- Learn new languages and share your experience! </title>
    5:   <%= stylesheet_link_tag    'application', media: 'all', 'data-turbolinks-track' => true %>
    6:   <%= javascript_include_tag 'application', 'data-turbolinks-track' => true %>
    7:   <%= csrf_meta_tags %>
    8: </head>
  app/assets/stylesheets/welcome.css.scss:33:in `box-sizing'
  app/assets/stylesheets/welcome.css.scss:33
  app/views/layouts/application.html.erb:5:in `_app_views_layouts_application_html_erb__1802248045365691764_70236770762140'


  Rendered /Library/Ruby/Gems/2.0.0/gems/actionpack-4.1.4/lib/action_dispatch/middleware/templates/rescues/_trace.html.erb (1.2ms)
  Rendered /Library/Ruby/Gems/2.0.0/gems/actionpack-4.1.4/lib/action_dispatch/middleware/templates/rescues/_request_and_response.html.erb (0.9ms)
  Rendered /Library/Ruby/Gems/2.0.0/gems/actionpack-4.1.4/lib/action_dispatch/middleware/templates/rescues/template_error.html.erb within rescues/layout (13.0ms)


Started GET "/articles" for 127.0.0.1 at 2014-07-15 15:50:55 -0400
Processing by ArticlesController#index as HTML
  [1m[35mArticle Load (0.2ms)[0m  SELECT "articles".* FROM "articles"
  Rendered articles/index.html.erb within layouts/application (2.2ms)
Completed 200 OK in 19ms (Views: 17.7ms | ActiveRecord: 0.2ms)


Started GET "/assets/articles.css?body=1" for 127.0.0.1 at 2014-07-15 15:50:55 -0400


Started GET "/assets/comments.css?body=1" for 127.0.0.1 at 2014-07-15 15:50:55 -0400


Started GET "/assets/welcome.css?body=1" for 127.0.0.1 at 2014-07-15 15:50:55 -0400


Started GET "/assets/application.css?body=1" for 127.0.0.1 at 2014-07-15 15:50:55 -0400


Started GET "/assets/turbolinks.js?body=1" for 127.0.0.1 at 2014-07-15 15:50:55 -0400


Started GET "/assets/jquery_ujs.js?body=1" for 127.0.0.1 at 2014-07-15 15:50:55 -0400


Started GET "/assets/jquery.js?body=1" for 127.0.0.1 at 2014-07-15 15:50:55 -0400


Started GET "/assets/articles.js?body=1" for 127.0.0.1 at 2014-07-15 15:50:55 -0400


Started GET "/assets/comments.js?body=1" for 127.0.0.1 at 2014-07-15 15:50:55 -0400


Started GET "/assets/welcome.js?body=1" for 127.0.0.1 at 2014-07-15 15:50:55 -0400


Started GET "/assets/application.js?body=1" for 127.0.0.1 at 2014-07-15 15:50:55 -0400


Started GET "/articles/new" for 127.0.0.1 at 2014-07-15 15:51:15 -0400
Processing by ArticlesController#new as HTML
Filter chain halted as #<Proc:0x007fc28ef93938@/Library/Ruby/Gems/2.0.0/gems/actionpack-4.1.4/lib/action_controller/metal/http_authentication.rb:71> rendered or redirected
Completed 401 Unauthorized in 1ms (ActiveRecord: 0.0ms)


Started GET "/articles/new" for 127.0.0.1 at 2014-07-15 15:51:18 -0400
Processing by ArticlesController#new as HTML
Filter chain halted as #<Proc:0x007fc28ef93938@/Library/Ruby/Gems/2.0.0/gems/actionpack-4.1.4/lib/action_controller/metal/http_authentication.rb:71> rendered or redirected
Completed 401 Unauthorized in 1ms (ActiveRecord: 0.0ms)


Started GET "/articles/new" for 127.0.0.1 at 2014-07-15 15:51:53 -0400
Processing by ArticlesController#new as HTML
  Rendered articles/_form.html.erb (92.7ms)
  Rendered articles/new.html.erb within layouts/application (99.8ms)
Completed 200 OK in 134ms (Views: 120.0ms | ActiveRecord: 0.9ms)


Started GET "/assets/articles.css?body=1" for 127.0.0.1 at 2014-07-15 15:51:53 -0400


Started GET "/assets/comments.css?body=1" for 127.0.0.1 at 2014-07-15 15:51:53 -0400


Started GET "/assets/welcome.css?body=1" for 127.0.0.1 at 2014-07-15 15:51:53 -0400


Started GET "/assets/turbolinks.js?body=1" for 127.0.0.1 at 2014-07-15 15:51:53 -0400


Started GET "/assets/jquery_ujs.js?body=1" for 127.0.0.1 at 2014-07-15 15:51:53 -0400


Started GET "/assets/articles.js?body=1" for 127.0.0.1 at 2014-07-15 15:51:53 -0400


Started GET "/assets/jquery.js?body=1" for 127.0.0.1 at 2014-07-15 15:51:53 -0400


Started GET "/assets/application.css?body=1" for 127.0.0.1 at 2014-07-15 15:51:53 -0400


Started GET "/assets/comments.js?body=1" for 127.0.0.1 at 2014-07-15 15:51:53 -0400


Started GET "/assets/welcome.js?body=1" for 127.0.0.1 at 2014-07-15 15:51:53 -0400


Started GET "/assets/application.js?body=1" for 127.0.0.1 at 2014-07-15 15:51:53 -0400


Started GET "/articles" for 127.0.0.1 at 2014-07-15 15:51:55 -0400
Processing by ArticlesController#index as HTML
  [1m[36mArticle Load (0.2ms)[0m  [1mSELECT "articles".* FROM "articles"[0m
  Rendered articles/index.html.erb within layouts/application (2.5ms)
Completed 200 OK in 8ms (Views: 7.6ms | ActiveRecord: 0.2ms)


Started GET "/welcome/" for 127.0.0.1 at 2014-07-15 15:52:01 -0400

ActionController::RoutingError (No route matches [GET] "/welcome"):
  actionpack (4.1.4) lib/action_dispatch/middleware/debug_exceptions.rb:21:in `call'
  actionpack (4.1.4) lib/action_dispatch/middleware/show_exceptions.rb:30:in `call'
  railties (4.1.4) lib/rails/rack/logger.rb:38:in `call_app'
  railties (4.1.4) lib/rails/rack/logger.rb:20:in `block in call'
  activesupport (4.1.4) lib/active_support/tagged_logging.rb:68:in `block in tagged'
  activesupport (4.1.4) lib/active_support/tagged_logging.rb:26:in `tagged'
  activesupport (4.1.4) lib/active_support/tagged_logging.rb:68:in `tagged'
  railties (4.1.4) lib/rails/rack/logger.rb:20:in `call'
  actionpack (4.1.4) lib/action_dispatch/middleware/request_id.rb:21:in `call'
  rack (1.5.2) lib/rack/methodoverride.rb:21:in `call'
  rack (1.5.2) lib/rack/runtime.rb:17:in `call'
  activesupport (4.1.4) lib/active_support/cache/strategy/local_cache_middleware.rb:26:in `call'
  rack (1.5.2) lib/rack/lock.rb:17:in `call'
  actionpack (4.1.4) lib/action_dispatch/middleware/static.rb:64:in `call'
  rack (1.5.2) lib/rack/sendfile.rb:112:in `call'
  railties (4.1.4) lib/rails/engine.rb:514:in `call'
  railties (4.1.4) lib/rails/application.rb:144:in `call'
  rack (1.5.2) lib/rack/lock.rb:17:in `call'
  rack (1.5.2) lib/rack/content_length.rb:14:in `call'
  rack (1.5.2) lib/rack/handler/webrick.rb:60:in `service'
  /System/Library/Frameworks/Ruby.framework/Versions/2.0/usr/lib/ruby/2.0.0/webrick/httpserver.rb:138:in `service'
  /System/Library/Frameworks/Ruby.framework/Versions/2.0/usr/lib/ruby/2.0.0/webrick/httpserver.rb:94:in `run'
  /System/Library/Frameworks/Ruby.framework/Versions/2.0/usr/lib/ruby/2.0.0/webrick/server.rb:295:in `block in start_thread'


  Rendered /Library/Ruby/Gems/2.0.0/gems/actionpack-4.1.4/lib/action_dispatch/middleware/templates/rescues/_trace.html.erb (0.9ms)
  Rendered /Library/Ruby/Gems/2.0.0/gems/actionpack-4.1.4/lib/action_dispatch/middleware/templates/routes/_route.html.erb (1.8ms)
  Rendered /Library/Ruby/Gems/2.0.0/gems/actionpack-4.1.4/lib/action_dispatch/middleware/templates/routes/_table.html.erb (39.0ms)
  Rendered /Library/Ruby/Gems/2.0.0/gems/actionpack-4.1.4/lib/action_dispatch/middleware/templates/rescues/routing_error.html.erb within rescues/layout (61.9ms)


Started GET "/welcome/index" for 127.0.0.1 at 2014-07-15 15:52:06 -0400
Processing by WelcomeController#index as HTML
  Rendered welcome/index.html.erb within layouts/application (1.7ms)
Completed 200 OK in 16ms (Views: 15.5ms | ActiveRecord: 0.0ms)


Started GET "/assets/articles.css?body=1" for 127.0.0.1 at 2014-07-15 15:52:07 -0400


Started GET "/assets/jquery_ujs.js?body=1" for 127.0.0.1 at 2014-07-15 15:52:07 -0400


Started GET "/assets/jquery.js?body=1" for 127.0.0.1 at 2014-07-15 15:52:07 -0400


Started GET "/assets/welcome.css?body=1" for 127.0.0.1 at 2014-07-15 15:52:07 -0400


Started GET "/assets/application.css?body=1" for 127.0.0.1 at 2014-07-15 15:52:07 -0400


Started GET "/assets/turbolinks.js?body=1" for 127.0.0.1 at 2014-07-15 15:52:07 -0400


Started GET "/assets/welcome.js?body=1" for 127.0.0.1 at 2014-07-15 15:52:07 -0400


Started GET "/assets/articles.js?body=1" for 127.0.0.1 at 2014-07-15 15:52:07 -0400


Started GET "/assets/comments.css?body=1" for 127.0.0.1 at 2014-07-15 15:52:07 -0400


Started GET "/assets/comments.js?body=1" for 127.0.0.1 at 2014-07-15 15:52:07 -0400


Started GET "/assets/application.js?body=1" for 127.0.0.1 at 2014-07-15 15:52:07 -0400


Started GET "/welcome/index" for 127.0.0.1 at 2014-07-15 15:52:23 -0400
Processing by WelcomeController#index as HTML
  Rendered welcome/index.html.erb within layouts/application (0.3ms)
Completed 500 Internal Server Error in 9ms

ActionView::Template::Error (Undefined mixin 'box-sizing'.
  (in /Users/judywu/summer_2014_projects/blog/app/assets/stylesheets/welcome.css.scss:33)):
    2: <html>
    3: <head>
    4:   <title>Bond -- Learn new languages and share your experience! </title>
    5:   <%= stylesheet_link_tag    'application', media: 'all', 'data-turbolinks-track' => true %>
    6:   <%= javascript_include_tag 'application', 'data-turbolinks-track' => true %>
    7:   <%= csrf_meta_tags %>
    8: </head>
  app/assets/stylesheets/welcome.css.scss:33:in `box-sizing'
  app/assets/stylesheets/welcome.css.scss:33
  app/views/layouts/application.html.erb:5:in `_app_views_layouts_application_html_erb__1802248045365691764_70236770762140'


  Rendered /Library/Ruby/Gems/2.0.0/gems/actionpack-4.1.4/lib/action_dispatch/middleware/templates/rescues/_trace.html.erb (1.1ms)
  Rendered /Library/Ruby/Gems/2.0.0/gems/actionpack-4.1.4/lib/action_dispatch/middleware/templates/rescues/_request_and_response.html.erb (0.7ms)
  Rendered /Library/Ruby/Gems/2.0.0/gems/actionpack-4.1.4/lib/action_dispatch/middleware/templates/rescues/template_error.html.erb within rescues/layout (9.1ms)


Started GET "/welcome/index" for 127.0.0.1 at 2014-07-15 15:52:32 -0400
Processing by WelcomeController#index as HTML
  Rendered welcome/index.html.erb within layouts/application (0.3ms)
Completed 200 OK in 5ms (Views: 4.6ms | ActiveRecord: 0.0ms)


Started GET "/assets/articles.css?body=1" for 127.0.0.1 at 2014-07-15 15:52:32 -0400


Started GET "/assets/comments.css?body=1" for 127.0.0.1 at 2014-07-15 15:52:32 -0400


Started GET "/assets/jquery.js?body=1" for 127.0.0.1 at 2014-07-15 15:52:32 -0400


Started GET "/assets/application.css?body=1" for 127.0.0.1 at 2014-07-15 15:52:32 -0400


Started GET "/assets/welcome.css?body=1" for 127.0.0.1 at 2014-07-15 15:52:33 -0400


Started GET "/assets/jquery_ujs.js?body=1" for 127.0.0.1 at 2014-07-15 15:52:33 -0400


Started GET "/assets/turbolinks.js?body=1" for 127.0.0.1 at 2014-07-15 15:52:33 -0400


Started GET "/assets/articles.js?body=1" for 127.0.0.1 at 2014-07-15 15:52:33 -0400


Started GET "/assets/comments.js?body=1" for 127.0.0.1 at 2014-07-15 15:52:33 -0400


Started GET "/assets/welcome.js?body=1" for 127.0.0.1 at 2014-07-15 15:52:33 -0400


Started GET "/assets/application.js?body=1" for 127.0.0.1 at 2014-07-15 15:52:33 -0400


Started GET "/welcome/index?username=dsada&password=[FILTERED]" for 127.0.0.1 at 2014-07-15 15:57:24 -0400
Processing by WelcomeController#index as HTML
  Parameters: {"username"=>"dsada", "password"=>"[FILTERED]"}
  Rendered welcome/index.html.erb within layouts/application (0.4ms)
Completed 500 Internal Server Error in 9ms

ActionView::Template::Error (Invalid CSS after "$background-color:": expected expression (e.g. 1px, bold), was ".wrapper {"
  (in /Users/judywu/summer_2014_projects/blog/app/assets/stylesheets/welcome.css.scss:7)):
    2: <html>
    3: <head>
    4:   <title>Bond -- Learn new languages and share your experience! </title>
    5:   <%= stylesheet_link_tag    'application', media: 'all', 'data-turbolinks-track' => true %>
    6:   <%= javascript_include_tag 'application', 'data-turbolinks-track' => true %>
    7:   <%= csrf_meta_tags %>
    8: </head>
  app/assets/stylesheets/welcome.css.scss:7
  app/views/layouts/application.html.erb:5:in `_app_views_layouts_application_html_erb__1802248045365691764_70236770762140'


  Rendered /Library/Ruby/Gems/2.0.0/gems/actionpack-4.1.4/lib/action_dispatch/middleware/templates/rescues/_trace.html.erb (34.8ms)
  Rendered /Library/Ruby/Gems/2.0.0/gems/actionpack-4.1.4/lib/action_dispatch/middleware/templates/rescues/_request_and_response.html.erb (1.0ms)
  Rendered /Library/Ruby/Gems/2.0.0/gems/actionpack-4.1.4/lib/action_dispatch/middleware/templates/rescues/template_error.html.erb within rescues/layout (43.6ms)


Started GET "/welcome/index" for 127.0.0.1 at 2014-07-15 15:59:04 -0400
Processing by WelcomeController#index as HTML
  Rendered welcome/index.html.erb within layouts/application (0.4ms)
Completed 500 Internal Server Error in 11ms

ActionView::Template::Error (Invalid CSS after "$background-color:": expected expression (e.g. 1px, bold), was ".wrapper {"
  (in /Users/judywu/summer_2014_projects/blog/app/assets/stylesheets/welcome.css.scss:7)):
    2: <html>
    3: <head>
    4:   <title>Bond -- Learn new languages and share your experience! </title>
    5:   <%= stylesheet_link_tag    'application', media: 'all', 'data-turbolinks-track' => true %>
    6:   <%= javascript_include_tag 'application', 'data-turbolinks-track' => true %>
    7:   <%= csrf_meta_tags %>
    8: </head>
  app/assets/stylesheets/welcome.css.scss:7
  app/views/layouts/application.html.erb:5:in `_app_views_layouts_application_html_erb__1802248045365691764_70236770762140'


  Rendered /Library/Ruby/Gems/2.0.0/gems/actionpack-4.1.4/lib/action_dispatch/middleware/templates/rescues/_trace.html.erb (1.1ms)
  Rendered /Library/Ruby/Gems/2.0.0/gems/actionpack-4.1.4/lib/action_dispatch/middleware/templates/rescues/_request_and_response.html.erb (0.7ms)
  Rendered /Library/Ruby/Gems/2.0.0/gems/actionpack-4.1.4/lib/action_dispatch/middleware/templates/rescues/template_error.html.erb within rescues/layout (9.1ms)


Started GET "/welcome/index" for 127.0.0.1 at 2014-07-15 15:59:05 -0400
Processing by WelcomeController#index as HTML
  Rendered welcome/index.html.erb within layouts/application (0.3ms)
Completed 500 Internal Server Error in 8ms

ActionView::Template::Error (Invalid CSS after "$background-color:": expected expression (e.g. 1px, bold), was ".wrapper {"
  (in /Users/judywu/summer_2014_projects/blog/app/assets/stylesheets/welcome.css.scss:7)):
    2: <html>
    3: <head>
    4:   <title>Bond -- Learn new languages and share your experience! </title>
    5:   <%= stylesheet_link_tag    'application', media: 'all', 'data-turbolinks-track' => true %>
    6:   <%= javascript_include_tag 'application', 'data-turbolinks-track' => true %>
    7:   <%= csrf_meta_tags %>
    8: </head>
  app/assets/stylesheets/welcome.css.scss:7
  app/views/layouts/application.html.erb:5:in `_app_views_layouts_application_html_erb__1802248045365691764_70236770762140'


  Rendered /Library/Ruby/Gems/2.0.0/gems/actionpack-4.1.4/lib/action_dispatch/middleware/templates/rescues/_trace.html.erb (20.9ms)
  Rendered /Library/Ruby/Gems/2.0.0/gems/actionpack-4.1.4/lib/action_dispatch/middleware/templates/rescues/_request_and_response.html.erb (1.2ms)
  Rendered /Library/Ruby/Gems/2.0.0/gems/actionpack-4.1.4/lib/action_dispatch/middleware/templates/rescues/template_error.html.erb within rescues/layout (32.1ms)


Started GET "/welcome/index" for 127.0.0.1 at 2014-07-15 15:59:27 -0400
Processing by WelcomeController#index as HTML
  Rendered welcome/index.html.erb within layouts/application (0.5ms)
Completed 200 OK in 100ms (Views: 99.2ms | ActiveRecord: 0.0ms)


Started GET "/assets/articles.css?body=1" for 127.0.0.1 at 2014-07-15 15:59:27 -0400


Started GET "/assets/comments.css?body=1" for 127.0.0.1 at 2014-07-15 15:59:27 -0400


Started GET "/assets/articles.js?body=1" for 127.0.0.1 at 2014-07-15 15:59:27 -0400


Started GET "/assets/comments.js?body=1" for 127.0.0.1 at 2014-07-15 15:59:27 -0400


Started GET "/assets/turbolinks.js?body=1" for 127.0.0.1 at 2014-07-15 15:59:27 -0400


Started GET "/assets/welcome.css?body=1" for 127.0.0.1 at 2014-07-15 15:59:27 -0400


Started GET "/assets/application.css?body=1" for 127.0.0.1 at 2014-07-15 15:59:27 -0400


Started GET "/assets/jquery.js?body=1" for 127.0.0.1 at 2014-07-15 15:59:27 -0400


Started GET "/assets/jquery_ujs.js?body=1" for 127.0.0.1 at 2014-07-15 15:59:27 -0400


Started GET "/assets/welcome.js?body=1" for 127.0.0.1 at 2014-07-15 15:59:27 -0400


Started GET "/assets/application.js?body=1" for 127.0.0.1 at 2014-07-15 15:59:27 -0400


Started GET "/welcome/index" for 127.0.0.1 at 2014-07-15 16:01:53 -0400
Processing by WelcomeController#index as HTML
  Rendered welcome/index.html.erb within layouts/application (0.3ms)
Completed 200 OK in 449ms (Views: 448.5ms | ActiveRecord: 0.0ms)


Started GET "/assets/articles.css?body=1" for 127.0.0.1 at 2014-07-15 16:01:53 -0400


Started GET "/assets/jquery.js?body=1" for 127.0.0.1 at 2014-07-15 16:01:53 -0400


Started GET "/assets/comments.css?body=1" for 127.0.0.1 at 2014-07-15 16:01:53 -0400


Started GET "/assets/turbolinks.js?body=1" for 127.0.0.1 at 2014-07-15 16:01:53 -0400


Started GET "/assets/welcome.css?body=1" for 127.0.0.1 at 2014-07-15 16:01:53 -0400


Started GET "/assets/application.css?body=1" for 127.0.0.1 at 2014-07-15 16:01:53 -0400


Started GET "/assets/articles.js?body=1" for 127.0.0.1 at 2014-07-15 16:01:53 -0400


Started GET "/assets/comments.js?body=1" for 127.0.0.1 at 2014-07-15 16:01:53 -0400


Started GET "/assets/bootstrap.min.css?body=1" for 127.0.0.1 at 2014-07-15 16:01:53 -0400


Started GET "/assets/jquery_ujs.js?body=1" for 127.0.0.1 at 2014-07-15 16:01:53 -0400


Started GET "/assets/welcome.js?body=1" for 127.0.0.1 at 2014-07-15 16:01:54 -0400


Started GET "/assets/bootstrap.min.js?body=1" for 127.0.0.1 at 2014-07-15 16:01:54 -0400


Started GET "/assets/application.js?body=1" for 127.0.0.1 at 2014-07-15 16:01:54 -0400


Started GET "/welcome/index" for 127.0.0.1 at 2014-07-15 16:53:27 -0400
Processing by WelcomeController#index as HTML
  Rendered welcome/index.html.erb within layouts/application (0.6ms)
Completed 200 OK in 8ms (Views: 7.0ms | ActiveRecord: 0.0ms)


Started GET "/assets/articles.css?body=1" for 127.0.0.1 at 2014-07-15 16:53:27 -0400


Started GET "/assets/welcome.css?body=1" for 127.0.0.1 at 2014-07-15 16:53:27 -0400


Started GET "/assets/jquery_ujs.js?body=1" for 127.0.0.1 at 2014-07-15 16:53:27 -0400


Started GET "/assets/comments.css?body=1" for 127.0.0.1 at 2014-07-15 16:53:27 -0400


Started GET "/assets/application.css?body=1" for 127.0.0.1 at 2014-07-15 16:53:27 -0400


Started GET "/assets/bootstrap.min.css?body=1" for 127.0.0.1 at 2014-07-15 16:53:27 -0400


Started GET "/assets/jquery.js?body=1" for 127.0.0.1 at 2014-07-15 16:53:27 -0400


Started GET "/assets/turbolinks.js?body=1" for 127.0.0.1 at 2014-07-15 16:53:27 -0400


Started GET "/assets/articles.js?body=1" for 127.0.0.1 at 2014-07-15 16:53:27 -0400


Started GET "/assets/comments.js?body=1" for 127.0.0.1 at 2014-07-15 16:53:27 -0400


Started GET "/assets/welcome.js?body=1" for 127.0.0.1 at 2014-07-15 16:53:27 -0400


Started GET "/assets/bootstrap.min.js?body=1" for 127.0.0.1 at 2014-07-15 16:53:27 -0400


Started GET "/assets/application.js?body=1" for 127.0.0.1 at 2014-07-15 16:53:27 -0400


Started GET "/welcome/index" for 127.0.0.1 at 2014-07-15 16:53:29 -0400
Processing by WelcomeController#index as HTML
  Rendered welcome/index.html.erb within layouts/application (0.3ms)
Completed 200 OK in 7ms (Views: 5.9ms | ActiveRecord: 0.0ms)


Started GET "/assets/articles.css?body=1" for 127.0.0.1 at 2014-07-15 16:53:29 -0400


Started GET "/assets/comments.css?body=1" for 127.0.0.1 at 2014-07-15 16:53:29 -0400


Started GET "/assets/welcome.css?body=1" for 127.0.0.1 at 2014-07-15 16:53:29 -0400


Started GET "/assets/application.css?body=1" for 127.0.0.1 at 2014-07-15 16:53:29 -0400


Started GET "/assets/bootstrap.min.css?body=1" for 127.0.0.1 at 2014-07-15 16:53:29 -0400


Started GET "/assets/jquery.js?body=1" for 127.0.0.1 at 2014-07-15 16:53:29 -0400


Started GET "/assets/turbolinks.js?body=1" for 127.0.0.1 at 2014-07-15 16:53:29 -0400


Started GET "/assets/jquery_ujs.js?body=1" for 127.0.0.1 at 2014-07-15 16:53:29 -0400


Started GET "/assets/articles.js?body=1" for 127.0.0.1 at 2014-07-15 16:53:29 -0400


Started GET "/assets/comments.js?body=1" for 127.0.0.1 at 2014-07-15 16:53:29 -0400


Started GET "/assets/welcome.js?body=1" for 127.0.0.1 at 2014-07-15 16:53:29 -0400


Started GET "/assets/bootstrap.min.js?body=1" for 127.0.0.1 at 2014-07-15 16:53:29 -0400


Started GET "/assets/application.js?body=1" for 127.0.0.1 at 2014-07-15 16:53:29 -0400


Started GET "/welcome/index" for 127.0.0.1 at 2014-07-15 16:53:33 -0400
Processing by WelcomeController#index as HTML
  Rendered welcome/index.html.erb within layouts/application (1.1ms)
Completed 200 OK in 9ms (Views: 8.2ms | ActiveRecord: 0.0ms)


Started GET "/assets/articles.css?body=1" for 127.0.0.1 at 2014-07-15 16:53:33 -0400


Started GET "/assets/comments.css?body=1" for 127.0.0.1 at 2014-07-15 16:53:33 -0400


Started GET "/assets/welcome.css?body=1" for 127.0.0.1 at 2014-07-15 16:53:33 -0400


Started GET "/assets/application.css?body=1" for 127.0.0.1 at 2014-07-15 16:53:33 -0400


Started GET "/assets/jquery.js?body=1" for 127.0.0.1 at 2014-07-15 16:53:33 -0400


Started GET "/assets/bootstrap.min.css?body=1" for 127.0.0.1 at 2014-07-15 16:53:33 -0400


Started GET "/assets/jquery_ujs.js?body=1" for 127.0.0.1 at 2014-07-15 16:53:33 -0400


Started GET "/assets/turbolinks.js?body=1" for 127.0.0.1 at 2014-07-15 16:53:33 -0400


Started GET "/assets/articles.js?body=1" for 127.0.0.1 at 2014-07-15 16:53:33 -0400


Started GET "/assets/comments.js?body=1" for 127.0.0.1 at 2014-07-15 16:53:33 -0400


Started GET "/assets/welcome.js?body=1" for 127.0.0.1 at 2014-07-15 16:53:33 -0400


Started GET "/assets/bootstrap.min.js?body=1" for 127.0.0.1 at 2014-07-15 16:53:33 -0400


Started GET "/assets/application.js?body=1" for 127.0.0.1 at 2014-07-15 16:53:33 -0400


Started GET "/" for 127.0.0.1 at 2014-07-21 10:23:05 -0400
  [1m[36mActiveRecord::SchemaMigration Load (0.2ms)[0m  [1mSELECT "schema_migrations".* FROM "schema_migrations"[0m
Processing by WelcomeController#index as HTML
  Rendered welcome/index.html.erb within layouts/application (1.9ms)
Completed 200 OK in 573ms (Views: 460.3ms | ActiveRecord: 0.0ms)


Started GET "/assets/articles.css?body=1" for 127.0.0.1 at 2014-07-21 10:23:07 -0400


Started GET "/assets/welcome.css?body=1" for 127.0.0.1 at 2014-07-21 10:23:07 -0400


Started GET "/assets/comments.css?body=1" for 127.0.0.1 at 2014-07-21 10:23:07 -0400


Started GET "/assets/bootstrap.min.css?body=1" for 127.0.0.1 at 2014-07-21 10:23:07 -0400


Started GET "/assets/application.css?body=1" for 127.0.0.1 at 2014-07-21 10:23:07 -0400


Started GET "/assets/jquery.js?body=1" for 127.0.0.1 at 2014-07-21 10:23:07 -0400


Started GET "/assets/jquery_ujs.js?body=1" for 127.0.0.1 at 2014-07-21 10:23:07 -0400


Started GET "/assets/turbolinks.js?body=1" for 127.0.0.1 at 2014-07-21 10:23:07 -0400


Started GET "/assets/articles.js?body=1" for 127.0.0.1 at 2014-07-21 10:23:07 -0400


Started GET "/assets/comments.js?body=1" for 127.0.0.1 at 2014-07-21 10:23:07 -0400


Started GET "/assets/welcome.js?body=1" for 127.0.0.1 at 2014-07-21 10:23:07 -0400


Started GET "/assets/bootstrap.min.js?body=1" for 127.0.0.1 at 2014-07-21 10:23:07 -0400


Started GET "/assets/application.js?body=1" for 127.0.0.1 at 2014-07-21 10:23:07 -0400
